This is pdfTeX, Version 3.14159265-2.6-1.40.16 (TeX Live 2015/Debian) (preloaded format=pdflatex 2017.12.11)  5 FEB 2018 15:59
entering extended mode
 restricted \write18 enabled.
 %&-line parsing enabled.
**yoloOnFingers.tex
(./yoloOnFingers.tex
LaTeX2e <2016/02/01>
Babel <3.9q> and hyphenation patterns for 10 language(s) loaded.
(/usr/share/texlive/texmf-dist/tex/latex/base/article.cls
Document Class: article 2014/09/29 v1.4h Standard LaTeX document class
(/usr/share/texlive/texmf-dist/tex/latex/base/size12.clo
File: size12.clo 2014/09/29 v1.4h Standard LaTeX file (size option)
)
\c@part=\count79
\c@section=\count80
\c@subsection=\count81
\c@subsubsection=\count82
\c@paragraph=\count83
\c@subparagraph=\count84
\c@figure=\count85
\c@table=\count86
\abovecaptionskip=\skip41
\belowcaptionskip=\skip42
\bibindent=\dimen102
)
(/usr/share/texlive/texmf-dist/tex/latex/base/inputenc.sty
Package: inputenc 2015/03/17 v1.2c Input encoding file
\inpenc@prehook=\toks14
\inpenc@posthook=\toks15

(/usr/share/texlive/texmf-dist/tex/latex/base/utf8.def
File: utf8.def 2015/12/03 v1.1r UTF-8 support for inputenc
Now handling font encoding OML ...
... no UTF-8 mapping file for font encoding OML
Now handling font encoding T1 ...
... processing UTF-8 mapping file for font encoding T1

(/usr/share/texlive/texmf-dist/tex/latex/base/t1enc.dfu
File: t1enc.dfu 2015/12/03 v1.1r UTF-8 support for inputenc
   defining Unicode char U+00A0 (decimal 160)
   defining Unicode char U+00A1 (decimal 161)
   defining Unicode char U+00A3 (decimal 163)
   defining Unicode char U+00AB (decimal 171)
   defining Unicode char U+00AD (decimal 173)
   defining Unicode char U+00BB (decimal 187)
   defining Unicode char U+00BF (decimal 191)
   defining Unicode char U+00C0 (decimal 192)
   defining Unicode char U+00C1 (decimal 193)
   defining Unicode char U+00C2 (decimal 194)
   defining Unicode char U+00C3 (decimal 195)
   defining Unicode char U+00C4 (decimal 196)
   defining Unicode char U+00C5 (decimal 197)
   defining Unicode char U+00C6 (decimal 198)
   defining Unicode char U+00C7 (decimal 199)
   defining Unicode char U+00C8 (decimal 200)
   defining Unicode char U+00C9 (decimal 201)
   defining Unicode char U+00CA (decimal 202)
   defining Unicode char U+00CB (decimal 203)
   defining Unicode char U+00CC (decimal 204)
   defining Unicode char U+00CD (decimal 205)
   defining Unicode char U+00CE (decimal 206)
   defining Unicode char U+00CF (decimal 207)
   defining Unicode char U+00D0 (decimal 208)
   defining Unicode char U+00D1 (decimal 209)
   defining Unicode char U+00D2 (decimal 210)
   defining Unicode char U+00D3 (decimal 211)
   defining Unicode char U+00D4 (decimal 212)
   defining Unicode char U+00D5 (decimal 213)
   defining Unicode char U+00D6 (decimal 214)
   defining Unicode char U+00D8 (decimal 216)
   defining Unicode char U+00D9 (decimal 217)
   defining Unicode char U+00DA (decimal 218)
   defining Unicode char U+00DB (decimal 219)
   defining Unicode char U+00DC (decimal 220)
   defining Unicode char U+00DD (decimal 221)
   defining Unicode char U+00DE (decimal 222)
   defining Unicode char U+00DF (decimal 223)
   defining Unicode char U+00E0 (decimal 224)
   defining Unicode char U+00E1 (decimal 225)
   defining Unicode char U+00E2 (decimal 226)
   defining Unicode char U+00E3 (decimal 227)
   defining Unicode char U+00E4 (decimal 228)
   defining Unicode char U+00E5 (decimal 229)
   defining Unicode char U+00E6 (decimal 230)
   defining Unicode char U+00E7 (decimal 231)
   defining Unicode char U+00E8 (decimal 232)
   defining Unicode char U+00E9 (decimal 233)
   defining Unicode char U+00EA (decimal 234)
   defining Unicode char U+00EB (decimal 235)
   defining Unicode char U+00EC (decimal 236)
   defining Unicode char U+00ED (decimal 237)
   defining Unicode char U+00EE (decimal 238)
   defining Unicode char U+00EF (decimal 239)
   defining Unicode char U+00F0 (decimal 240)
   defining Unicode char U+00F1 (decimal 241)
   defining Unicode char U+00F2 (decimal 242)
   defining Unicode char U+00F3 (decimal 243)
   defining Unicode char U+00F4 (decimal 244)
   defining Unicode char U+00F5 (decimal 245)
   defining Unicode char U+00F6 (decimal 246)
   defining Unicode char U+00F8 (decimal 248)
   defining Unicode char U+00F9 (decimal 249)
   defining Unicode char U+00FA (decimal 250)
   defining Unicode char U+00FB (decimal 251)
   defining Unicode char U+00FC (decimal 252)
   defining Unicode char U+00FD (decimal 253)
   defining Unicode char U+00FE (decimal 254)
   defining Unicode char U+00FF (decimal 255)
   defining Unicode char U+0100 (decimal 256)
   defining Unicode char U+0101 (decimal 257)
   defining Unicode char U+0102 (decimal 258)
   defining Unicode char U+0103 (decimal 259)
   defining Unicode char U+0104 (decimal 260)
   defining Unicode char U+0105 (decimal 261)
   defining Unicode char U+0106 (decimal 262)
   defining Unicode char U+0107 (decimal 263)
   defining Unicode char U+0108 (decimal 264)
   defining Unicode char U+0109 (decimal 265)
   defining Unicode char U+010A (decimal 266)
   defining Unicode char U+010B (decimal 267)
   defining Unicode char U+010C (decimal 268)
   defining Unicode char U+010D (decimal 269)
   defining Unicode char U+010E (decimal 270)
   defining Unicode char U+010F (decimal 271)
   defining Unicode char U+0110 (decimal 272)
   defining Unicode char U+0111 (decimal 273)
   defining Unicode char U+0112 (decimal 274)
   defining Unicode char U+0113 (decimal 275)
   defining Unicode char U+0114 (decimal 276)
   defining Unicode char U+0115 (decimal 277)
   defining Unicode char U+0116 (decimal 278)
   defining Unicode char U+0117 (decimal 279)
   defining Unicode char U+0118 (decimal 280)
   defining Unicode char U+0119 (decimal 281)
   defining Unicode char U+011A (decimal 282)
   defining Unicode char U+011B (decimal 283)
   defining Unicode char U+011C (decimal 284)
   defining Unicode char U+011D (decimal 285)
   defining Unicode char U+011E (decimal 286)
   defining Unicode char U+011F (decimal 287)
   defining Unicode char U+0120 (decimal 288)
   defining Unicode char U+0121 (decimal 289)
   defining Unicode char U+0122 (decimal 290)
   defining Unicode char U+0123 (decimal 291)
   defining Unicode char U+0124 (decimal 292)
   defining Unicode char U+0125 (decimal 293)
   defining Unicode char U+0128 (decimal 296)
   defining Unicode char U+0129 (decimal 297)
   defining Unicode char U+012A (decimal 298)
   defining Unicode char U+012B (decimal 299)
   defining Unicode char U+012C (decimal 300)
   defining Unicode char U+012D (decimal 301)
   defining Unicode char U+012E (decimal 302)
   defining Unicode char U+012F (decimal 303)
   defining Unicode char U+0130 (decimal 304)
   defining Unicode char U+0131 (decimal 305)
   defining Unicode char U+0132 (decimal 306)
   defining Unicode char U+0133 (decimal 307)
   defining Unicode char U+0134 (decimal 308)
   defining Unicode char U+0135 (decimal 309)
   defining Unicode char U+0136 (decimal 310)
   defining Unicode char U+0137 (decimal 311)
   defining Unicode char U+0139 (decimal 313)
   defining Unicode char U+013A (decimal 314)
   defining Unicode char U+013B (decimal 315)
   defining Unicode char U+013C (decimal 316)
   defining Unicode char U+013D (decimal 317)
   defining Unicode char U+013E (decimal 318)
   defining Unicode char U+0141 (decimal 321)
   defining Unicode char U+0142 (decimal 322)
   defining Unicode char U+0143 (decimal 323)
   defining Unicode char U+0144 (decimal 324)
   defining Unicode char U+0145 (decimal 325)
   defining Unicode char U+0146 (decimal 326)
   defining Unicode char U+0147 (decimal 327)
   defining Unicode char U+0148 (decimal 328)
   defining Unicode char U+014A (decimal 330)
   defining Unicode char U+014B (decimal 331)
   defining Unicode char U+014C (decimal 332)
   defining Unicode char U+014D (decimal 333)
   defining Unicode char U+014E (decimal 334)
   defining Unicode char U+014F (decimal 335)
   defining Unicode char U+0150 (decimal 336)
   defining Unicode char U+0151 (decimal 337)
   defining Unicode char U+0152 (decimal 338)
   defining Unicode char U+0153 (decimal 339)
   defining Unicode char U+0154 (decimal 340)
   defining Unicode char U+0155 (decimal 341)
   defining Unicode char U+0156 (decimal 342)
   defining Unicode char U+0157 (decimal 343)
   defining Unicode char U+0158 (decimal 344)
   defining Unicode char U+0159 (decimal 345)
   defining Unicode char U+015A (decimal 346)
   defining Unicode char U+015B (decimal 347)
   defining Unicode char U+015C (decimal 348)
   defining Unicode char U+015D (decimal 349)
   defining Unicode char U+015E (decimal 350)
   defining Unicode char U+015F (decimal 351)
   defining Unicode char U+0160 (decimal 352)
   defining Unicode char U+0161 (decimal 353)
   defining Unicode char U+0162 (decimal 354)
   defining Unicode char U+0163 (decimal 355)
   defining Unicode char U+0164 (decimal 356)
   defining Unicode char U+0165 (decimal 357)
   defining Unicode char U+0168 (decimal 360)
   defining Unicode char U+0169 (decimal 361)
   defining Unicode char U+016A (decimal 362)
   defining Unicode char U+016B (decimal 363)
   defining Unicode char U+016C (decimal 364)
   defining Unicode char U+016D (decimal 365)
   defining Unicode char U+016E (decimal 366)
   defining Unicode char U+016F (decimal 367)
   defining Unicode char U+0170 (decimal 368)
   defining Unicode char U+0171 (decimal 369)
   defining Unicode char U+0172 (decimal 370)
   defining Unicode char U+0173 (decimal 371)
   defining Unicode char U+0174 (decimal 372)
   defining Unicode char U+0175 (decimal 373)
   defining Unicode char U+0176 (decimal 374)
   defining Unicode char U+0177 (decimal 375)
   defining Unicode char U+0178 (decimal 376)
   defining Unicode char U+0179 (decimal 377)
   defining Unicode char U+017A (decimal 378)
   defining Unicode char U+017B (decimal 379)
   defining Unicode char U+017C (decimal 380)
   defining Unicode char U+017D (decimal 381)
   defining Unicode char U+017E (decimal 382)
   defining Unicode char U+01CD (decimal 461)
   defining Unicode char U+01CE (decimal 462)
   defining Unicode char U+01CF (decimal 463)
   defining Unicode char U+01D0 (decimal 464)
   defining Unicode char U+01D1 (decimal 465)
   defining Unicode char U+01D2 (decimal 466)
   defining Unicode char U+01D3 (decimal 467)
   defining Unicode char U+01D4 (decimal 468)
   defining Unicode char U+01E2 (decimal 482)
   defining Unicode char U+01E3 (decimal 483)
   defining Unicode char U+01E6 (decimal 486)
   defining Unicode char U+01E7 (decimal 487)
   defining Unicode char U+01E8 (decimal 488)
   defining Unicode char U+01E9 (decimal 489)
   defining Unicode char U+01EA (decimal 490)
   defining Unicode char U+01EB (decimal 491)
   defining Unicode char U+01F0 (decimal 496)
   defining Unicode char U+01F4 (decimal 500)
   defining Unicode char U+01F5 (decimal 501)
   defining Unicode char U+0218 (decimal 536)
   defining Unicode char U+0219 (decimal 537)
   defining Unicode char U+021A (decimal 538)
   defining Unicode char U+021B (decimal 539)
   defining Unicode char U+01E02 (decimal 7682)
   defining Unicode char U+01E03 (decimal 7683)
   defining Unicode char U+200C (decimal 8204)
   defining Unicode char U+2013 (decimal 8211)
   defining Unicode char U+2014 (decimal 8212)
   defining Unicode char U+2018 (decimal 8216)
   defining Unicode char U+2019 (decimal 8217)
   defining Unicode char U+201A (decimal 8218)
   defining Unicode char U+201C (decimal 8220)
   defining Unicode char U+201D (decimal 8221)
   defining Unicode char U+201E (decimal 8222)
   defining Unicode char U+2030 (decimal 8240)
   defining Unicode char U+2031 (decimal 8241)
   defining Unicode char U+2039 (decimal 8249)
   defining Unicode char U+203A (decimal 8250)
   defining Unicode char U+2423 (decimal 9251)
)
Now handling font encoding OT1 ...
... processing UTF-8 mapping file for font encoding OT1

(/usr/share/texlive/texmf-dist/tex/latex/base/ot1enc.dfu
File: ot1enc.dfu 2015/12/03 v1.1r UTF-8 support for inputenc
   defining Unicode char U+00A0 (decimal 160)
   defining Unicode char U+00A1 (decimal 161)
   defining Unicode char U+00A3 (decimal 163)
   defining Unicode char U+00AD (decimal 173)
   defining Unicode char U+00B8 (decimal 184)
   defining Unicode char U+00BF (decimal 191)
   defining Unicode char U+00C5 (decimal 197)
   defining Unicode char U+00C6 (decimal 198)
   defining Unicode char U+00D8 (decimal 216)
   defining Unicode char U+00DF (decimal 223)
   defining Unicode char U+00E6 (decimal 230)
   defining Unicode char U+00EC (decimal 236)
   defining Unicode char U+00ED (decimal 237)
   defining Unicode char U+00EE (decimal 238)
   defining Unicode char U+00EF (decimal 239)
   defining Unicode char U+00F8 (decimal 248)
   defining Unicode char U+0131 (decimal 305)
   defining Unicode char U+0141 (decimal 321)
   defining Unicode char U+0142 (decimal 322)
   defining Unicode char U+0152 (decimal 338)
   defining Unicode char U+0153 (decimal 339)
   defining Unicode char U+0174 (decimal 372)
   defining Unicode char U+0175 (decimal 373)
   defining Unicode char U+0176 (decimal 374)
   defining Unicode char U+0177 (decimal 375)
   defining Unicode char U+0218 (decimal 536)
   defining Unicode char U+0219 (decimal 537)
   defining Unicode char U+021A (decimal 538)
   defining Unicode char U+021B (decimal 539)
   defining Unicode char U+2013 (decimal 8211)
   defining Unicode char U+2014 (decimal 8212)
   defining Unicode char U+2018 (decimal 8216)
   defining Unicode char U+2019 (decimal 8217)
   defining Unicode char U+201C (decimal 8220)
   defining Unicode char U+201D (decimal 8221)
)
Now handling font encoding OMS ...
... processing UTF-8 mapping file for font encoding OMS

(/usr/share/texlive/texmf-dist/tex/latex/base/omsenc.dfu
File: omsenc.dfu 2015/12/03 v1.1r UTF-8 support for inputenc
   defining Unicode char U+00A7 (decimal 167)
   defining Unicode char U+00B6 (decimal 182)
   defining Unicode char U+00B7 (decimal 183)
   defining Unicode char U+2020 (decimal 8224)
   defining Unicode char U+2021 (decimal 8225)
   defining Unicode char U+2022 (decimal 8226)
)
Now handling font encoding OMX ...
... no UTF-8 mapping file for font encoding OMX
Now handling font encoding U ...
... no UTF-8 mapping file for font encoding U
   defining Unicode char U+00A9 (decimal 169)
   defining Unicode char U+00AA (decimal 170)
   defining Unicode char U+00AE (decimal 174)
   defining Unicode char U+00BA (decimal 186)
   defining Unicode char U+02C6 (decimal 710)
   defining Unicode char U+02DC (decimal 732)
   defining Unicode char U+200C (decimal 8204)
   defining Unicode char U+2026 (decimal 8230)
   defining Unicode char U+2122 (decimal 8482)
   defining Unicode char U+2423 (decimal 9251)
))
(/usr/share/texlive/texmf-dist/tex/generic/babel/babel.sty
Package: babel 2016/02/24 3.9q The Babel package

(/usr/share/texlive/texmf-dist/tex/generic/babel-german/ngerman.ldf
Language: ngerman 2013/12/13 v2.7 German support for babel (new orthography)

(/usr/share/texlive/texmf-dist/tex/generic/babel-german/ngermanb.ldf
Language: ngermanb 2013/12/13 v2.7 German support for babel (new orthography)

(/usr/share/texlive/texmf-dist/tex/generic/babel/babel.def
File: babel.def 2016/02/24 3.9q Babel common definitions
\babel@savecnt=\count87
\U@D=\dimen103
)
\l@naustrian = a dialect from \language\l@ngerman 
\l@nswissgerman = a dialect from \language\l@ngerman 
Package babel Info: Making " an active character on input line 88.
)))
(/usr/share/texlive/texmf-dist/tex/latex/cite/cite.sty
LaTeX Info: Redefining \cite on input line 302.
LaTeX Info: Redefining \nocite on input line 332.
Package: cite 2015/02/27  v 5.5
)
(/usr/share/texlive/texmf-dist/tex/latex/url/url.sty
\Urlmuskip=\muskip10
Package: url 2013/09/16  ver 3.4  Verb mode for urls, etc.
)
(/usr/share/texlive/texmf-dist/tex/latex/graphics/graphicx.sty
Package: graphicx 2014/10/28 v1.0g Enhanced LaTeX Graphics (DPC,SPQR)

(/usr/share/texlive/texmf-dist/tex/latex/graphics/keyval.sty
Package: keyval 2014/10/28 v1.15 key=value parser (DPC)
\KV@toks@=\toks16
)
(/usr/share/texlive/texmf-dist/tex/latex/graphics/graphics.sty
Package: graphics 2016/01/03 v1.0q Standard LaTeX Graphics (DPC,SPQR)

(/usr/share/texlive/texmf-dist/tex/latex/graphics/trig.sty
Package: trig 2016/01/03 v1.10 sin cos tan (DPC)
)
(/usr/share/texlive/texmf-dist/tex/latex/latexconfig/graphics.cfg
File: graphics.cfg 2010/04/23 v1.9 graphics configuration of TeX Live
)
Package graphics Info: Driver file: pdftex.def on input line 95.

(/usr/share/texlive/texmf-dist/tex/latex/pdftex-def/pdftex.def
File: pdftex.def 2011/05/27 v0.06d Graphics/color for pdfTeX

(/usr/share/texlive/texmf-dist/tex/generic/oberdiek/infwarerr.sty
Package: infwarerr 2010/04/08 v1.3 Providing info/warning/error messages (HO)
)
(/usr/share/texlive/texmf-dist/tex/generic/oberdiek/ltxcmds.sty
Package: ltxcmds 2011/11/09 v1.22 LaTeX kernel commands for general use (HO)
)
\Gread@gobject=\count88
))
\Gin@req@height=\dimen104
\Gin@req@width=\dimen105
)
(/usr/share/texlive/texmf-dist/tex/latex/xcolor/xcolor.sty
Package: xcolor 2007/01/21 v2.11 LaTeX color extensions (UK)

(/usr/share/texlive/texmf-dist/tex/latex/latexconfig/color.cfg
File: color.cfg 2007/01/18 v1.5 color configuration of teTeX/TeXLive
)
Package xcolor Info: Driver file: pdftex.def on input line 225.
Package xcolor Info: Model `cmy' substituted by `cmy0' on input line 1337.
Package xcolor Info: Model `hsb' substituted by `rgb' on input line 1341.
Package xcolor Info: Model `RGB' extended on input line 1353.
Package xcolor Info: Model `HTML' substituted by `rgb' on input line 1355.
Package xcolor Info: Model `Hsb' substituted by `hsb' on input line 1356.
Package xcolor Info: Model `tHsb' substituted by `hsb' on input line 1357.
Package xcolor Info: Model `HSB' substituted by `hsb' on input line 1358.
Package xcolor Info: Model `Gray' substituted by `gray' on input line 1359.
Package xcolor Info: Model `wave' substituted by `hsb' on input line 1360.
)
(/usr/share/texlive/texmf-dist/tex/latex/amsmath/amsmath.sty
Package: amsmath 2016/03/03 v2.15a AMS math features
\@mathmargin=\skip43

For additional information on amsmath, use the `?' option.
(/usr/share/texlive/texmf-dist/tex/latex/amsmath/amstext.sty
Package: amstext 2000/06/29 v2.01 AMS text

(/usr/share/texlive/texmf-dist/tex/latex/amsmath/amsgen.sty
File: amsgen.sty 1999/11/30 v2.0 generic functions
\@emptytoks=\toks17
\ex@=\dimen106
))
(/usr/share/texlive/texmf-dist/tex/latex/amsmath/amsbsy.sty
Package: amsbsy 1999/11/29 v1.2d Bold Symbols
\pmbraise@=\dimen107
)
(/usr/share/texlive/texmf-dist/tex/latex/amsmath/amsopn.sty
Package: amsopn 1999/12/14 v2.01 operator names
)
\inf@bad=\count89
LaTeX Info: Redefining \frac on input line 199.
\uproot@=\count90
\leftroot@=\count91
LaTeX Info: Redefining \overline on input line 297.
\classnum@=\count92
\DOTSCASE@=\count93
LaTeX Info: Redefining \ldots on input line 394.
LaTeX Info: Redefining \dots on input line 397.
LaTeX Info: Redefining \cdots on input line 518.
\Mathstrutbox@=\box26
\strutbox@=\box27
\big@size=\dimen108
LaTeX Font Info:    Redeclaring font encoding OML on input line 630.
LaTeX Font Info:    Redeclaring font encoding OMS on input line 631.
\macc@depth=\count94
\c@MaxMatrixCols=\count95
\dotsspace@=\muskip11
\c@parentequation=\count96
\dspbrk@lvl=\count97
\tag@help=\toks18
\row@=\count98
\column@=\count99
\maxfields@=\count100
\andhelp@=\toks19
\eqnshift@=\dimen109
\alignsep@=\dimen110
\tagshift@=\dimen111
\tagwidth@=\dimen112
\totwidth@=\dimen113
\lineht@=\dimen114
\@envbody=\toks20
\multlinegap=\skip44
\multlinetaggap=\skip45
\mathdisplay@stack=\toks21
LaTeX Info: Redefining \[ on input line 2735.
LaTeX Info: Redefining \] on input line 2736.
)
(/usr/share/texlive/texmf-dist/tex/latex/amsfonts/amssymb.sty
Package: amssymb 2013/01/14 v3.01 AMS font symbols

(/usr/share/texlive/texmf-dist/tex/latex/amsfonts/amsfonts.sty
Package: amsfonts 2013/01/14 v3.01 Basic AMSFonts support
\symAMSa=\mathgroup4
\symAMSb=\mathgroup5
LaTeX Font Info:    Overwriting math alphabet `\mathfrak' in version `bold'
(Font)                  U/euf/m/n --> U/euf/b/n on input line 106.
))
(/usr/share/texlive/texmf-dist/tex/latex/jknapltx/mathrsfs.sty
Package: mathrsfs 1996/01/01 Math RSFS package v1.0 (jk)
\symrsfs=\mathgroup6
)
(/usr/share/texlive/texmf-dist/tex/latex/doublestroke/dsfont.sty
Package: dsfont 1995/08/01 v0.1 Double stroke roman fonts
)
(/usr/share/texlive/texmf-dist/tex/latex/todonotes/todonotes.sty
Package: todonotes 2015/07/09 .dtx Todonotes source and documentation.
Package: todonotes 2012/07/25

(/usr/share/texlive/texmf-dist/tex/latex/base/ifthen.sty
Package: ifthen 2014/09/29 v1.1c Standard LaTeX ifthen package (DPC)
)
(/usr/share/texlive/texmf-dist/tex/latex/xkeyval/xkeyval.sty
Package: xkeyval 2014/12/03 v2.7a package option processing (HA)

(/usr/share/texlive/texmf-dist/tex/generic/xkeyval/xkeyval.tex
(/usr/share/texlive/texmf-dist/tex/generic/xkeyval/xkvutils.tex
\XKV@toks=\toks22
\XKV@tempa@toks=\toks23
)
\XKV@depth=\count101
File: xkeyval.tex 2014/12/03 v2.7a key=value parser (HA)
))
(/usr/share/texlive/texmf-dist/tex/latex/pgf/frontendlayer/tikz.sty
(/usr/share/texlive/texmf-dist/tex/latex/pgf/basiclayer/pgf.sty
(/usr/share/texlive/texmf-dist/tex/latex/pgf/utilities/pgfrcs.sty
(/usr/share/texlive/texmf-dist/tex/generic/pgf/utilities/pgfutil-common.tex
\pgfutil@everybye=\toks24
\pgfutil@tempdima=\dimen115
\pgfutil@tempdimb=\dimen116

(/usr/share/texlive/texmf-dist/tex/generic/pgf/utilities/pgfutil-common-lists.t
ex)) (/usr/share/texlive/texmf-dist/tex/generic/pgf/utilities/pgfutil-latex.def
\pgfutil@abb=\box28
(/usr/share/texlive/texmf-dist/tex/latex/ms/everyshi.sty
Package: everyshi 2001/05/15 v3.00 EveryShipout Package (MS)
))
(/usr/share/texlive/texmf-dist/tex/generic/pgf/utilities/pgfrcs.code.tex
Package: pgfrcs 2015/08/07 v3.0.1a (rcs-revision 1.31)
))
Package: pgf 2015/08/07 v3.0.1a (rcs-revision 1.15)

(/usr/share/texlive/texmf-dist/tex/latex/pgf/basiclayer/pgfcore.sty
(/usr/share/texlive/texmf-dist/tex/latex/pgf/systemlayer/pgfsys.sty
(/usr/share/texlive/texmf-dist/tex/generic/pgf/systemlayer/pgfsys.code.tex
Package: pgfsys 2014/07/09 v3.0.1a (rcs-revision 1.48)

(/usr/share/texlive/texmf-dist/tex/generic/pgf/utilities/pgfkeys.code.tex
\pgfkeys@pathtoks=\toks25
\pgfkeys@temptoks=\toks26

(/usr/share/texlive/texmf-dist/tex/generic/pgf/utilities/pgfkeysfiltered.code.t
ex
\pgfkeys@tmptoks=\toks27
))
\pgf@x=\dimen117
\pgf@y=\dimen118
\pgf@xa=\dimen119
\pgf@ya=\dimen120
\pgf@xb=\dimen121
\pgf@yb=\dimen122
\pgf@xc=\dimen123
\pgf@yc=\dimen124
\w@pgf@writea=\write3
\r@pgf@reada=\read1
\c@pgf@counta=\count102
\c@pgf@countb=\count103
\c@pgf@countc=\count104
\c@pgf@countd=\count105
\t@pgf@toka=\toks28
\t@pgf@tokb=\toks29
\t@pgf@tokc=\toks30
 (/usr/share/texlive/texmf-dist/tex/generic/pgf/systemlayer/pgf.cfg
File: pgf.cfg 2008/05/14  (rcs-revision 1.7)
)
Driver file for pgf: pgfsys-pdftex.def

(/usr/share/texlive/texmf-dist/tex/generic/pgf/systemlayer/pgfsys-pdftex.def
File: pgfsys-pdftex.def 2014/10/11  (rcs-revision 1.35)

(/usr/share/texlive/texmf-dist/tex/generic/pgf/systemlayer/pgfsys-common-pdf.de
f
File: pgfsys-common-pdf.def 2013/10/10  (rcs-revision 1.13)
)))
(/usr/share/texlive/texmf-dist/tex/generic/pgf/systemlayer/pgfsyssoftpath.code.
tex
File: pgfsyssoftpath.code.tex 2013/09/09  (rcs-revision 1.9)
\pgfsyssoftpath@smallbuffer@items=\count106
\pgfsyssoftpath@bigbuffer@items=\count107
)
(/usr/share/texlive/texmf-dist/tex/generic/pgf/systemlayer/pgfsysprotocol.code.
tex
File: pgfsysprotocol.code.tex 2006/10/16  (rcs-revision 1.4)
))
(/usr/share/texlive/texmf-dist/tex/generic/pgf/basiclayer/pgfcore.code.tex
Package: pgfcore 2010/04/11 v3.0.1a (rcs-revision 1.7)

(/usr/share/texlive/texmf-dist/tex/generic/pgf/math/pgfmath.code.tex
(/usr/share/texlive/texmf-dist/tex/generic/pgf/math/pgfmathcalc.code.tex
(/usr/share/texlive/texmf-dist/tex/generic/pgf/math/pgfmathutil.code.tex)
(/usr/share/texlive/texmf-dist/tex/generic/pgf/math/pgfmathparser.code.tex
\pgfmath@dimen=\dimen125
\pgfmath@count=\count108
\pgfmath@box=\box29
\pgfmath@toks=\toks31
\pgfmath@stack@operand=\toks32
\pgfmath@stack@operation=\toks33
)
(/usr/share/texlive/texmf-dist/tex/generic/pgf/math/pgfmathfunctions.code.tex
(/usr/share/texlive/texmf-dist/tex/generic/pgf/math/pgfmathfunctions.basic.code
.tex)
(/usr/share/texlive/texmf-dist/tex/generic/pgf/math/pgfmathfunctions.trigonomet
ric.code.tex)
(/usr/share/texlive/texmf-dist/tex/generic/pgf/math/pgfmathfunctions.random.cod
e.tex)
(/usr/share/texlive/texmf-dist/tex/generic/pgf/math/pgfmathfunctions.comparison
.code.tex)
(/usr/share/texlive/texmf-dist/tex/generic/pgf/math/pgfmathfunctions.base.code.
tex)
(/usr/share/texlive/texmf-dist/tex/generic/pgf/math/pgfmathfunctions.round.code
.tex)
(/usr/share/texlive/texmf-dist/tex/generic/pgf/math/pgfmathfunctions.misc.code.
tex)
(/usr/share/texlive/texmf-dist/tex/generic/pgf/math/pgfmathfunctions.integerari
thmetics.code.tex)))
(/usr/share/texlive/texmf-dist/tex/generic/pgf/math/pgfmathfloat.code.tex
\c@pgfmathroundto@lastzeros=\count109
))
(/usr/share/texlive/texmf-dist/tex/generic/pgf/basiclayer/pgfcorepoints.code.te
x
File: pgfcorepoints.code.tex 2013/10/07  (rcs-revision 1.27)
\pgf@picminx=\dimen126
\pgf@picmaxx=\dimen127
\pgf@picminy=\dimen128
\pgf@picmaxy=\dimen129
\pgf@pathminx=\dimen130
\pgf@pathmaxx=\dimen131
\pgf@pathminy=\dimen132
\pgf@pathmaxy=\dimen133
\pgf@xx=\dimen134
\pgf@xy=\dimen135
\pgf@yx=\dimen136
\pgf@yy=\dimen137
\pgf@zx=\dimen138
\pgf@zy=\dimen139
)
(/usr/share/texlive/texmf-dist/tex/generic/pgf/basiclayer/pgfcorepathconstruct.
code.tex
File: pgfcorepathconstruct.code.tex 2013/10/07  (rcs-revision 1.29)
\pgf@path@lastx=\dimen140
\pgf@path@lasty=\dimen141
)
(/usr/share/texlive/texmf-dist/tex/generic/pgf/basiclayer/pgfcorepathusage.code
.tex
File: pgfcorepathusage.code.tex 2014/11/02  (rcs-revision 1.24)
\pgf@shorten@end@additional=\dimen142
\pgf@shorten@start@additional=\dimen143
)
(/usr/share/texlive/texmf-dist/tex/generic/pgf/basiclayer/pgfcorescopes.code.te
x
File: pgfcorescopes.code.tex 2015/05/08  (rcs-revision 1.46)
\pgfpic=\box30
\pgf@hbox=\box31
\pgf@layerbox@main=\box32
\pgf@picture@serial@count=\count110
)
(/usr/share/texlive/texmf-dist/tex/generic/pgf/basiclayer/pgfcoregraphicstate.c
ode.tex
File: pgfcoregraphicstate.code.tex 2014/11/02  (rcs-revision 1.12)
\pgflinewidth=\dimen144
)
(/usr/share/texlive/texmf-dist/tex/generic/pgf/basiclayer/pgfcoretransformation
s.code.tex
File: pgfcoretransformations.code.tex 2015/08/07  (rcs-revision 1.20)
\pgf@pt@x=\dimen145
\pgf@pt@y=\dimen146
\pgf@pt@temp=\dimen147
)
(/usr/share/texlive/texmf-dist/tex/generic/pgf/basiclayer/pgfcorequick.code.tex
File: pgfcorequick.code.tex 2008/10/09  (rcs-revision 1.3)
)
(/usr/share/texlive/texmf-dist/tex/generic/pgf/basiclayer/pgfcoreobjects.code.t
ex
File: pgfcoreobjects.code.tex 2006/10/11  (rcs-revision 1.2)
)
(/usr/share/texlive/texmf-dist/tex/generic/pgf/basiclayer/pgfcorepathprocessing
.code.tex
File: pgfcorepathprocessing.code.tex 2013/09/09  (rcs-revision 1.9)
)
(/usr/share/texlive/texmf-dist/tex/generic/pgf/basiclayer/pgfcorearrows.code.te
x
File: pgfcorearrows.code.tex 2015/05/14  (rcs-revision 1.43)
\pgfarrowsep=\dimen148
)
(/usr/share/texlive/texmf-dist/tex/generic/pgf/basiclayer/pgfcoreshade.code.tex
File: pgfcoreshade.code.tex 2013/07/15  (rcs-revision 1.15)
\pgf@max=\dimen149
\pgf@sys@shading@range@num=\count111
)
(/usr/share/texlive/texmf-dist/tex/generic/pgf/basiclayer/pgfcoreimage.code.tex
File: pgfcoreimage.code.tex 2013/07/15  (rcs-revision 1.18)

(/usr/share/texlive/texmf-dist/tex/generic/pgf/basiclayer/pgfcoreexternal.code.
tex
File: pgfcoreexternal.code.tex 2014/07/09  (rcs-revision 1.21)
\pgfexternal@startupbox=\box33
))
(/usr/share/texlive/texmf-dist/tex/generic/pgf/basiclayer/pgfcorelayers.code.te
x
File: pgfcorelayers.code.tex 2013/07/18  (rcs-revision 1.7)
)
(/usr/share/texlive/texmf-dist/tex/generic/pgf/basiclayer/pgfcoretransparency.c
ode.tex
File: pgfcoretransparency.code.tex 2013/09/30  (rcs-revision 1.5)
)
(/usr/share/texlive/texmf-dist/tex/generic/pgf/basiclayer/pgfcorepatterns.code.
tex
File: pgfcorepatterns.code.tex 2013/11/07  (rcs-revision 1.5)
)))
(/usr/share/texlive/texmf-dist/tex/generic/pgf/modules/pgfmoduleshapes.code.tex
File: pgfmoduleshapes.code.tex 2014/03/21  (rcs-revision 1.35)
\pgfnodeparttextbox=\box34
) (/usr/share/texlive/texmf-dist/tex/generic/pgf/modules/pgfmoduleplot.code.tex
File: pgfmoduleplot.code.tex 2015/08/03  (rcs-revision 1.13)
)
(/usr/share/texlive/texmf-dist/tex/latex/pgf/compatibility/pgfcomp-version-0-65
.sty
Package: pgfcomp-version-0-65 2007/07/03 v3.0.1a (rcs-revision 1.7)
\pgf@nodesepstart=\dimen150
\pgf@nodesepend=\dimen151
)
(/usr/share/texlive/texmf-dist/tex/latex/pgf/compatibility/pgfcomp-version-1-18
.sty
Package: pgfcomp-version-1-18 2007/07/23 v3.0.1a (rcs-revision 1.1)
)) (/usr/share/texlive/texmf-dist/tex/latex/pgf/utilities/pgffor.sty
(/usr/share/texlive/texmf-dist/tex/latex/pgf/utilities/pgfkeys.sty
(/usr/share/texlive/texmf-dist/tex/generic/pgf/utilities/pgfkeys.code.tex))
(/usr/share/texlive/texmf-dist/tex/latex/pgf/math/pgfmath.sty
(/usr/share/texlive/texmf-dist/tex/generic/pgf/math/pgfmath.code.tex))
(/usr/share/texlive/texmf-dist/tex/generic/pgf/utilities/pgffor.code.tex
Package: pgffor 2013/12/13 v3.0.1a (rcs-revision 1.25)

(/usr/share/texlive/texmf-dist/tex/generic/pgf/math/pgfmath.code.tex)
\pgffor@iter=\dimen152
\pgffor@skip=\dimen153
\pgffor@stack=\toks34
\pgffor@toks=\toks35
))
(/usr/share/texlive/texmf-dist/tex/generic/pgf/frontendlayer/tikz/tikz.code.tex
Package: tikz 2015/08/07 v3.0.1a (rcs-revision 1.151)

(/usr/share/texlive/texmf-dist/tex/generic/pgf/libraries/pgflibraryplothandlers
.code.tex
File: pgflibraryplothandlers.code.tex 2013/08/31 v3.0.1a (rcs-revision 1.20)
\pgf@plot@mark@count=\count112
\pgfplotmarksize=\dimen154
)
\tikz@lastx=\dimen155
\tikz@lasty=\dimen156
\tikz@lastxsaved=\dimen157
\tikz@lastysaved=\dimen158
\tikzleveldistance=\dimen159
\tikzsiblingdistance=\dimen160
\tikz@figbox=\box35
\tikz@figbox@bg=\box36
\tikz@tempbox=\box37
\tikz@tempbox@bg=\box38
\tikztreelevel=\count113
\tikznumberofchildren=\count114
\tikznumberofcurrentchild=\count115
\tikz@fig@count=\count116

(/usr/share/texlive/texmf-dist/tex/generic/pgf/modules/pgfmodulematrix.code.tex
File: pgfmodulematrix.code.tex 2013/09/17  (rcs-revision 1.8)
\pgfmatrixcurrentrow=\count117
\pgfmatrixcurrentcolumn=\count118
\pgf@matrix@numberofcolumns=\count119
)
\tikz@expandcount=\count120

(/usr/share/texlive/texmf-dist/tex/generic/pgf/frontendlayer/tikz/libraries/tik
zlibrarytopaths.code.tex
File: tikzlibrarytopaths.code.tex 2008/06/17 v3.0.1a (rcs-revision 1.2)
)))
(/usr/share/texlive/texmf-dist/tex/generic/pgf/frontendlayer/tikz/libraries/tik
zlibrarypositioning.code.tex
File: tikzlibrarypositioning.code.tex 2008/10/06 v3.0.1a (rcs-revision 1.7)
)
(/usr/share/texlive/texmf-dist/tex/latex/tools/calc.sty
Package: calc 2014/10/28 v4.3 Infix arithmetic (KKT,FJ)
\calc@Acount=\count121
\calc@Bcount=\count122
\calc@Adimen=\dimen161
\calc@Bdimen=\dimen162
\calc@Askip=\skip46
\calc@Bskip=\skip47
LaTeX Info: Redefining \setlength on input line 80.
LaTeX Info: Redefining \addtolength on input line 81.
\calc@Ccount=\count123
\calc@Cskip=\skip48
)
\c@@todonotes@numberoftodonotes=\count124
)
(/usr/share/texlive/texmf-dist/tex/latex/blindtext/blindtext.sty
Package: blindtext 2012/01/06 V2.0 blindtext-Package

(/usr/share/texlive/texmf-dist/tex/latex/tools/xspace.sty
Package: xspace 2014/10/28 v1.13 Space after command names (DPC,MH)
)
\c@blindtext=\count125
\c@Blindtext=\count126
\c@blind@countparstart=\count127
\blind@countxx=\count128
\blindtext@numBlindtext=\count129
\blind@countyy=\count130
\c@blindlist=\count131
\c@blindlistlevel=\count132
\c@blindlist@level=\count133
\blind@listitem=\count134
\c@blind@listcount=\count135
\c@blind@levelcount=\count136
\blind@mathformula=\count137
\blind@Mathformula=\count138
\c@blind@randomcount=\count139
\c@blind@randommax=\count140
\c@blind@pangramcount=\count141
\c@blind@pangrammax=\count142
)
(/usr/share/texlive/texmf-dist/tex/latex/koma-script/scrextend.sty
Package: scrextend 2015/10/03 v3.19a KOMA-Script package (extend other classes 
with features of KOMA-Script classes)

(/usr/share/texlive/texmf-dist/tex/latex/koma-script/scrkbase.sty
Package: scrkbase 2015/10/03 v3.19a KOMA-Script package (KOMA-Script-dependent 
basics and keyval usage)

(/usr/share/texlive/texmf-dist/tex/latex/koma-script/scrbase.sty
Package: scrbase 2015/10/03 v3.19a KOMA-Script package (KOMA-Script-independent
 basics and keyval usage)

(/usr/share/texlive/texmf-dist/tex/latex/koma-script/scrlfile.sty
Package: scrlfile 2015/10/03 v3.19a KOMA-Script package (loading files)

Package scrlfile, 2015/10/03 v3.19a KOMA-Script package (loading files)
                  Copyright (C) Markus Kohm

)))
LaTeX Info: Redefining \textsubscript on input line 1277.
) (/usr/share/texlive/texmf-dist/tex/latex/tools/tabularx.sty
Package: tabularx 2014/10/28 v2.10 `tabularx' package (DPC)

(/usr/share/texlive/texmf-dist/tex/latex/tools/array.sty
Package: array 2014/10/28 v2.4c Tabular extension package (FMi)
\col@sep=\dimen163
\extrarowheight=\dimen164
\NC@list=\toks36
\extratabsurround=\skip49
\backup@length=\skip50
)
\TX@col@width=\dimen165
\TX@old@table=\dimen166
\TX@old@col=\dimen167
\TX@target=\dimen168
\TX@delta=\dimen169
\TX@cols=\count143
\TX@ftn=\toks37
)
(/usr/share/texlive/texmf-dist/tex/latex/multirow/multirow.sty
\bigstrutjot=\dimen170
)
(/usr/share/texlive/texmf-dist/tex/latex/float/float.sty
Package: float 2001/11/08 v1.3d Float enhancements (AL)
\c@float@type=\count144
\float@exts=\toks38
\float@box=\box39
\@float@everytoks=\toks39
\@floatcapt=\box40
)
(/usr/share/texlive/texmf-dist/tex/latex/oberdiek/aliascnt.sty
Package: aliascnt 2009/09/08 v1.3 Alias counters (HO)

(/usr/share/texlive/texmf-dist/tex/latex/carlisle/remreset.sty))
\@float@every@eqfloat=\toks40

(/usr/share/texlive/texmf-dist/tex/latex/hyperref/hyperref.sty
Package: hyperref 2012/11/06 v6.83m Hypertext links for LaTeX

(/usr/share/texlive/texmf-dist/tex/generic/oberdiek/hobsub-hyperref.sty
Package: hobsub-hyperref 2012/05/28 v1.13 Bundle oberdiek, subset hyperref (HO)


(/usr/share/texlive/texmf-dist/tex/generic/oberdiek/hobsub-generic.sty
Package: hobsub-generic 2012/05/28 v1.13 Bundle oberdiek, subset generic (HO)
Package: hobsub 2012/05/28 v1.13 Construct package bundles (HO)
Package hobsub Info: Skipping package `infwarerr' (already loaded).
Package hobsub Info: Skipping package `ltxcmds' (already loaded).
Package: ifluatex 2010/03/01 v1.3 Provides the ifluatex switch (HO)
Package ifluatex Info: LuaTeX not detected.
Package: ifvtex 2010/03/01 v1.5 Detect VTeX and its facilities (HO)
Package ifvtex Info: VTeX not detected.
Package: intcalc 2007/09/27 v1.1 Expandable calculations with integers (HO)
Package: ifpdf 2011/01/30 v2.3 Provides the ifpdf switch (HO)
Package ifpdf Info: pdfTeX in PDF mode is detected.
Package: etexcmds 2011/02/16 v1.5 Avoid name clashes with e-TeX commands (HO)
Package etexcmds Info: Could not find \expanded.
(etexcmds)             That can mean that you are not using pdfTeX 1.50 or
(etexcmds)             that some package has redefined \expanded.
(etexcmds)             In the latter case, load this package earlier.
Package: kvsetkeys 2012/04/25 v1.16 Key value parser (HO)
Package: kvdefinekeys 2011/04/07 v1.3 Define keys (HO)
Package: pdftexcmds 2011/11/29 v0.20 Utility functions of pdfTeX for LuaTeX (HO
)
Package pdftexcmds Info: LuaTeX not detected.
Package pdftexcmds Info: \pdf@primitive is available.
Package pdftexcmds Info: \pdf@ifprimitive is available.
Package pdftexcmds Info: \pdfdraftmode found.
Package: pdfescape 2011/11/25 v1.13 Implements pdfTeX's escape features (HO)
Package: bigintcalc 2012/04/08 v1.3 Expandable calculations on big integers (HO
)
Package: bitset 2011/01/30 v1.1 Handle bit-vector datatype (HO)
Package: uniquecounter 2011/01/30 v1.2 Provide unlimited unique counter (HO)
)
Package hobsub Info: Skipping package `hobsub' (already loaded).
Package: letltxmacro 2010/09/02 v1.4 Let assignment for LaTeX macros (HO)
Package: hopatch 2012/05/28 v1.2 Wrapper for package hooks (HO)
Package: xcolor-patch 2011/01/30 xcolor patch
Package: atveryend 2011/06/30 v1.8 Hooks at the very end of document (HO)
Package atveryend Info: \enddocument detected (standard20110627).
Package: atbegshi 2011/10/05 v1.16 At begin shipout hook (HO)
Package: refcount 2011/10/16 v3.4 Data extraction from label references (HO)
Package: hycolor 2011/01/30 v1.7 Color options for hyperref/bookmark (HO)
)
(/usr/share/texlive/texmf-dist/tex/generic/ifxetex/ifxetex.sty
Package: ifxetex 2010/09/12 v0.6 Provides ifxetex conditional
)
(/usr/share/texlive/texmf-dist/tex/latex/oberdiek/auxhook.sty
Package: auxhook 2011/03/04 v1.3 Hooks for auxiliary files (HO)
)
(/usr/share/texlive/texmf-dist/tex/latex/oberdiek/kvoptions.sty
Package: kvoptions 2011/06/30 v3.11 Key value format for package options (HO)
)
\@linkdim=\dimen171
\Hy@linkcounter=\count145
\Hy@pagecounter=\count146

(/usr/share/texlive/texmf-dist/tex/latex/hyperref/pd1enc.def
File: pd1enc.def 2012/11/06 v6.83m Hyperref: PDFDocEncoding definition (HO)
Now handling font encoding PD1 ...
... no UTF-8 mapping file for font encoding PD1
)
\Hy@SavedSpaceFactor=\count147

(/usr/share/texlive/texmf-dist/tex/latex/latexconfig/hyperref.cfg
File: hyperref.cfg 2002/06/06 v1.2 hyperref configuration of TeXLive
)
Package hyperref Info: Hyper figures OFF on input line 4443.
Package hyperref Info: Link nesting OFF on input line 4448.
Package hyperref Info: Hyper index ON on input line 4451.
Package hyperref Info: Plain pages OFF on input line 4458.
Package hyperref Info: Backreferencing OFF on input line 4463.
Package hyperref Info: Implicit mode ON; LaTeX internals redefined.
Package hyperref Info: Bookmarks ON on input line 4688.
\c@Hy@tempcnt=\count148
LaTeX Info: Redefining \url on input line 5041.
\XeTeXLinkMargin=\dimen172
\Fld@menulength=\count149
\Field@Width=\dimen173
\Fld@charsize=\dimen174
Package hyperref Info: Hyper figures OFF on input line 6295.
Package hyperref Info: Link nesting OFF on input line 6300.
Package hyperref Info: Hyper index ON on input line 6303.
Package hyperref Info: backreferencing OFF on input line 6310.
Package hyperref Info: Link coloring OFF on input line 6315.
Package hyperref Info: Link coloring with OCG OFF on input line 6320.
Package hyperref Info: PDF/A mode OFF on input line 6325.
LaTeX Info: Redefining \ref on input line 6365.
LaTeX Info: Redefining \pageref on input line 6369.
\Hy@abspage=\count150
\c@Item=\count151
\c@Hfootnote=\count152
)

Package hyperref Message: Driver (autodetected): hpdftex.

(/usr/share/texlive/texmf-dist/tex/latex/hyperref/hpdftex.def
File: hpdftex.def 2012/11/06 v6.83m Hyperref driver for pdfTeX
\Fld@listcount=\count153
\c@bookmark@seq@number=\count154

(/usr/share/texlive/texmf-dist/tex/latex/oberdiek/rerunfilecheck.sty
Package: rerunfilecheck 2011/04/15 v1.7 Rerun checks for auxiliary files (HO)
Package uniquecounter Info: New unique counter `rerunfilecheck' on input line 2
82.
)
\Hy@SectionHShift=\skip51
)
(./yoloOnFingers.aux)
\openout1 = `yoloOnFingers.aux'.

LaTeX Font Info:    Checking defaults for OML/cmm/m/it on input line 73.
LaTeX Font Info:    ... okay on input line 73.
LaTeX Font Info:    Checking defaults for T1/cmr/m/n on input line 73.
LaTeX Font Info:    ... okay on input line 73.
LaTeX Font Info:    Checking defaults for OT1/cmr/m/n on input line 73.
LaTeX Font Info:    ... okay on input line 73.
LaTeX Font Info:    Checking defaults for OMS/cmsy/m/n on input line 73.
LaTeX Font Info:    ... okay on input line 73.
LaTeX Font Info:    Checking defaults for OMX/cmex/m/n on input line 73.
LaTeX Font Info:    ... okay on input line 73.
LaTeX Font Info:    Checking defaults for U/cmr/m/n on input line 73.
LaTeX Font Info:    ... okay on input line 73.
LaTeX Font Info:    Checking defaults for PD1/pdf/m/n on input line 73.
LaTeX Font Info:    ... okay on input line 73.

(/usr/share/texlive/texmf-dist/tex/context/base/supp-pdf.mkii
[Loading MPS to PDF converter (version 2006.09.02).]
\scratchcounter=\count155
\scratchdimen=\dimen175
\scratchbox=\box41
\nofMPsegments=\count156
\nofMParguments=\count157
\everyMPshowfont=\toks41
\MPscratchCnt=\count158
\MPscratchDim=\dimen176
\MPnumerator=\count159
\makeMPintoPDFobject=\count160
\everyMPtoPDFconversion=\toks42
) (/usr/share/texlive/texmf-dist/tex/latex/oberdiek/epstopdf-base.sty
Package: epstopdf-base 2010/02/09 v2.5 Base part for package epstopdf

(/usr/share/texlive/texmf-dist/tex/latex/oberdiek/grfext.sty
Package: grfext 2010/08/19 v1.1 Manage graphics extensions (HO)
)
Package grfext Info: Graphics extension search list:
(grfext)             [.png,.pdf,.jpg,.mps,.jpeg,.jbig2,.jb2,.PNG,.PDF,.JPG,.JPE
G,.JBIG2,.JB2,.eps]
(grfext)             \AppendGraphicsExtensions on input line 452.

(/usr/share/texlive/texmf-dist/tex/latex/latexconfig/epstopdf-sys.cfg
File: epstopdf-sys.cfg 2010/07/13 v1.3 Configuration of (r)epstopdf for TeX Liv
e
))
ABD: EveryShipout initializing macros
\AtBeginShipoutBox=\box42
Package hyperref Info: Link coloring OFF on input line 73.

(/usr/share/texlive/texmf-dist/tex/latex/hyperref/nameref.sty
Package: nameref 2012/10/27 v2.43 Cross-referencing by name of section

(/usr/share/texlive/texmf-dist/tex/generic/oberdiek/gettitlestring.sty
Package: gettitlestring 2010/12/03 v1.4 Cleanup title references (HO)
)
\c@section@level=\count161
)
LaTeX Info: Redefining \ref on input line 73.
LaTeX Info: Redefining \pageref on input line 73.
LaTeX Info: Redefining \nameref on input line 73.

(./yoloOnFingers.out) (./yoloOnFingers.out)
\@outlinefile=\write4
\openout4 = `yoloOnFingers.out'.


(./Kapitel/00Titelblatt/Titelblatt.tex
LaTeX Font Info:    Try loading font information for U+msa on input line 48.

(/usr/share/texlive/texmf-dist/tex/latex/amsfonts/umsa.fd
File: umsa.fd 2013/01/14 v3.01 AMS symbols A
)
LaTeX Font Info:    Try loading font information for U+msb on input line 48.

(/usr/share/texlive/texmf-dist/tex/latex/amsfonts/umsb.fd
File: umsb.fd 2013/01/14 v3.01 AMS symbols B
)
LaTeX Font Info:    Try loading font information for U+rsfs on input line 48.

(/usr/share/texlive/texmf-dist/tex/latex/jknapltx/ursfs.fd
File: ursfs.fd 1998/03/24 rsfs font definition file (jk)
))
(./Kapitel/10Abstract/Abstract.tex
Package babel Info: Redefining ngerman shorthand "|
(babel)             in language  on input line 1.
Package babel Info: Redefining ngerman shorthand "~
(babel)             in language  on input line 1.
Package babel Info: Redefining ngerman shorthand "|
(babel)             in language  on input line 1.
Package babel Info: Redefining ngerman shorthand "~
(babel)             in language  on input line 1.
 [1

{/var/lib/texmf/fonts/map/pdftex/updmap/pdftex.map}])
Package babel Info: Redefining ngerman shorthand "|
(babel)             in language  on input line 81.
Package babel Info: Redefining ngerman shorthand "~
(babel)             in language  on input line 81.
Package babel Info: Redefining ngerman shorthand "|
(babel)             in language  on input line 81.
Package babel Info: Redefining ngerman shorthand "~
(babel)             in language  on input line 81.
 [2]
Package babel Info: Redefining ngerman shorthand "|
(babel)             in language  on input line 82.
Package babel Info: Redefining ngerman shorthand "~
(babel)             in language  on input line 82.
Package babel Info: Redefining ngerman shorthand "|
(babel)             in language  on input line 82.
Package babel Info: Redefining ngerman shorthand "~
(babel)             in language  on input line 82.
 [3]
Package babel Info: Redefining ngerman shorthand "|
(babel)             in language  on input line 84.
Package babel Info: Redefining ngerman shorthand "~
(babel)             in language  on input line 84.
 (./yoloOnFingers.toc
Package babel Info: Redefining ngerman shorthand "|
(babel)             in language hidelinks on input line 30.
Package babel Info: Redefining ngerman shorthand "~
(babel)             in language hidelinks on input line 30.
Package babel Info: Redefining ngerman shorthand "|
(babel)             in language hidelinks on input line 30.
Package babel Info: Redefining ngerman shorthand "~
(babel)             in language hidelinks on input line 30.
 [4])
\tf@toc=\write5
\openout5 = `yoloOnFingers.toc'.


(./Kapitel/15Einleitung/Einleitung.tex
Package babel Info: Redefining ngerman shorthand "|
(babel)             in language hidelinks on input line 1.
Package babel Info: Redefining ngerman shorthand "~
(babel)             in language hidelinks on input line 1.
Package babel Info: Redefining ngerman shorthand "|
(babel)             in language hidelinks on input line 1.
Package babel Info: Redefining ngerman shorthand "~
(babel)             in language hidelinks on input line 1.
 [5]
Package babel Info: Redefining ngerman shorthand "|
(babel)             in language hidelinks on input line 2.
Package babel Info: Redefining ngerman shorthand "~
(babel)             in language hidelinks on input line 2.
Package babel Info: Redefining ngerman shorthand "|
(babel)             in language hidelinks on input line 3.
Package babel Info: Redefining ngerman shorthand "~
(babel)             in language hidelinks on input line 3.
Package babel Info: Redefining ngerman shorthand "|
(babel)             in language hidelinks on input line 17.
Package babel Info: Redefining ngerman shorthand "~
(babel)             in language hidelinks on input line 17.
Package babel Info: Redefining ngerman shorthand "|
(babel)             in language hidelinks on input line 21.
Package babel Info: Redefining ngerman shorthand "~
(babel)             in language hidelinks on input line 21.
Package babel Info: Redefining ngerman shorthand "|
(babel)             in language hidelinks on input line 28.
Package babel Info: Redefining ngerman shorthand "~
(babel)             in language hidelinks on input line 28.
Package babel Info: Redefining ngerman shorthand "|
(babel)             in language hidelinks on input line 28.
Package babel Info: Redefining ngerman shorthand "~
(babel)             in language hidelinks on input line 28.
 [6]
Package babel Info: Redefining ngerman shorthand "|
(babel)             in language hidelinks on input line 32.
Package babel Info: Redefining ngerman shorthand "~
(babel)             in language hidelinks on input line 32.
Package babel Info: Redefining ngerman shorthand "|
(babel)             in language hidelinks on input line 47.
Package babel Info: Redefining ngerman shorthand "~
(babel)             in language hidelinks on input line 47.
Package babel Info: Redefining ngerman shorthand "|
(babel)             in language hidelinks on input line 55.
Package babel Info: Redefining ngerman shorthand "~
(babel)             in language hidelinks on input line 55.
Package babel Info: Redefining ngerman shorthand "|
(babel)             in language hidelinks on input line 55.
Package babel Info: Redefining ngerman shorthand "~
(babel)             in language hidelinks on input line 55.
 [7])
(./Kapitel/30DatenPipeline/DatenPipeline.tex
Package babel Info: Redefining ngerman shorthand "|
(babel)             in language hidelinks on input line 1.
Package babel Info: Redefining ngerman shorthand "~
(babel)             in language hidelinks on input line 1.
Package babel Info: Redefining ngerman shorthand "|
(babel)             in language hidelinks on input line 1.
Package babel Info: Redefining ngerman shorthand "~
(babel)             in language hidelinks on input line 1.
 [8]
Package babel Info: Redefining ngerman shorthand "|
(babel)             in language hidelinks on input line 2.
Package babel Info: Redefining ngerman shorthand "~
(babel)             in language hidelinks on input line 2.
Package babel Info: Redefining ngerman shorthand "|
(babel)             in language hidelinks on input line 4.
Package babel Info: Redefining ngerman shorthand "~
(babel)             in language hidelinks on input line 4.
Package babel Info: Redefining ngerman shorthand "|
(babel)             in language hidelinks on input line 20.
Package babel Info: Redefining ngerman shorthand "~
(babel)             in language hidelinks on input line 20.

<Kapitel/30DatenPipeline/Bilder/schlechteBoundingboxen/pic775.png, id=333, 1284
.8pt x 963.6pt>
File: Kapitel/30DatenPipeline/Bilder/schlechteBoundingboxen/pic775.png Graphic 
file (type png)

<use Kapitel/30DatenPipeline/Bilder/schlechteBoundingboxen/pic775.png>
Package pdftex.def Info: Kapitel/30DatenPipeline/Bilder/schlechteBoundingboxen/
pic775.png used on input line 25.
(pdftex.def)             Requested size: 187.19833pt x 160.8421pt.

<Kapitel/30DatenPipeline/Bilder/schlechteBoundingboxen/pic777.png, id=335, 1284
.8pt x 963.6pt>
File: Kapitel/30DatenPipeline/Bilder/schlechteBoundingboxen/pic777.png Graphic 
file (type png)

<use Kapitel/30DatenPipeline/Bilder/schlechteBoundingboxen/pic777.png>
Package pdftex.def Info: Kapitel/30DatenPipeline/Bilder/schlechteBoundingboxen/
pic777.png used on input line 29.
(pdftex.def)             Requested size: 187.19833pt x 160.8421pt.
Package babel Info: Redefining ngerman shorthand "|
(babel)             in language hidelinks on input line 40.
Package babel Info: Redefining ngerman shorthand "~
(babel)             in language hidelinks on input line 40.
Package babel Info: Redefining ngerman shorthand "|
(babel)             in language hidelinks on input line 40.
Package babel Info: Redefining ngerman shorthand "~
(babel)             in language hidelinks on input line 40.
 [9 <./Kapitel/30DatenPipeline/Bilder/schlechteBoundingboxen/pic775.png (PNG co
py)> <./Kapitel/30DatenPipeline/Bilder/schlechteBoundingboxen/pic777.png (PNG c
opy)>]
Package babel Info: Redefining ngerman shorthand "|
(babel)             in language hidelinks on input line 58.
Package babel Info: Redefining ngerman shorthand "~
(babel)             in language hidelinks on input line 58.
Package babel Info: Redefining ngerman shorthand "|
(babel)             in language hidelinks on input line 66.
Package babel Info: Redefining ngerman shorthand "~
(babel)             in language hidelinks on input line 66.
Package babel Info: Redefining ngerman shorthand "|
(babel)             in language hidelinks on input line 66.
Package babel Info: Redefining ngerman shorthand "~
(babel)             in language hidelinks on input line 66.

[10]
Package babel Info: Redefining ngerman shorthand "|
(babel)             in language hidelinks on input line 76.
Package babel Info: Redefining ngerman shorthand "~
(babel)             in language hidelinks on input line 76.
Package babel Info: Redefining ngerman shorthand "|
(babel)             in language hidelinks on input line 88.
Package babel Info: Redefining ngerman shorthand "~
(babel)             in language hidelinks on input line 88.
Package babel Info: Redefining ngerman shorthand "|
(babel)             in language hidelinks on input line 95.
Package babel Info: Redefining ngerman shorthand "~
(babel)             in language hidelinks on input line 95.
Package babel Info: Redefining ngerman shorthand "|
(babel)             in language hidelinks on input line 95.
Package babel Info: Redefining ngerman shorthand "~
(babel)             in language hidelinks on input line 95.
 [11]
Package babel Info: Redefining ngerman shorthand "|
(babel)             in language hidelinks on input line 125.
Package babel Info: Redefining ngerman shorthand "~
(babel)             in language hidelinks on input line 125.
Package babel Info: Redefining ngerman shorthand "|
(babel)             in language hidelinks on input line 125.
Package babel Info: Redefining ngerman shorthand "~
(babel)             in language hidelinks on input line 125.
 [12]
<Kapitel/30DatenPipeline/Bilder/LabelTensor.pdf, id=377, 341.275pt x 341.275pt>
File: Kapitel/30DatenPipeline/Bilder/LabelTensor.pdf Graphic file (type pdf)
<use Kapitel/30DatenPipeline/Bilder/LabelTensor.pdf>
Package pdftex.def Info: Kapitel/30DatenPipeline/Bilder/LabelTensor.pdf used on
 input line 135.
(pdftex.def)             Requested size: 272.99881pt x 273.01515pt.
Package babel Info: Redefining ngerman shorthand "|
(babel)             in language hidelinks on input line 140.
Package babel Info: Redefining ngerman shorthand "~
(babel)             in language hidelinks on input line 140.
Package babel Info: Redefining ngerman shorthand "|
(babel)             in language hidelinks on input line 147.
Package babel Info: Redefining ngerman shorthand "~
(babel)             in language hidelinks on input line 147.
Package babel Info: Redefining ngerman shorthand "|
(babel)             in language hidelinks on input line 147.
Package babel Info: Redefining ngerman shorthand "~
(babel)             in language hidelinks on input line 147.
 [13 <./Kapitel/30DatenPipeline/Bilder/LabelTensor.pdf>]
<Kapitel/30DatenPipeline/Bilder/LabelList.pdf, id=393, 1138.2525pt x 1707.37875
pt>
File: Kapitel/30DatenPipeline/Bilder/LabelList.pdf Graphic file (type pdf)
 <use Kapitel/30DatenPipeline/Bilder/LabelList.pdf>
Package pdftex.def Info: Kapitel/30DatenPipeline/Bilder/LabelList.pdf used on i
nput line 151.
(pdftex.def)             Requested size: 155.99762pt x 233.97722pt.
Package babel Info: Redefining ngerman shorthand "|
(babel)             in language hidelinks on input line 155.
Package babel Info: Redefining ngerman shorthand "~
(babel)             in language hidelinks on input line 155.
Package babel Info: Redefining ngerman shorthand "|
(babel)             in language hidelinks on input line 165.
Package babel Info: Redefining ngerman shorthand "~
(babel)             in language hidelinks on input line 165.
Package babel Info: Redefining ngerman shorthand "|
(babel)             in language hidelinks on input line 165.
Package babel Info: Redefining ngerman shorthand "~
(babel)             in language hidelinks on input line 165.
 [14 <./Kapitel/30DatenPipeline/Bilder/LabelList.pdf>]) (./Kapitel/40Architektu
r/Architektur.tex
Package babel Info: Redefining ngerman shorthand "|
(babel)             in language hidelinks on input line 1.
Package babel Info: Redefining ngerman shorthand "~
(babel)             in language hidelinks on input line 1.
Package babel Info: Redefining ngerman shorthand "|
(babel)             in language hidelinks on input line 1.
Package babel Info: Redefining ngerman shorthand "~
(babel)             in language hidelinks on input line 1.

[15]
Package babel Info: Redefining ngerman shorthand "|
(babel)             in language hidelinks on input line 3.
Package babel Info: Redefining ngerman shorthand "~
(babel)             in language hidelinks on input line 3.
Package babel Info: Redefining ngerman shorthand "|
(babel)             in language hidelinks on input line 5.
Package babel Info: Redefining ngerman shorthand "~
(babel)             in language hidelinks on input line 5.
Package babel Info: Redefining ngerman shorthand "|
(babel)             in language hidelinks on input line 19.
Package babel Info: Redefining ngerman shorthand "~
(babel)             in language hidelinks on input line 19.
Package babel Info: Redefining ngerman shorthand "|
(babel)             in language hidelinks on input line 21.
Package babel Info: Redefining ngerman shorthand "~
(babel)             in language hidelinks on input line 21.

Overfull \hbox (39.00238pt too wide) in paragraph at lines 61--62
 [][] 
 []

Package babel Info: Redefining ngerman shorthand "|
(babel)             in language hidelinks on input line 76.
Package babel Info: Redefining ngerman shorthand "~
(babel)             in language hidelinks on input line 76.
Package babel Info: Redefining ngerman shorthand "|
(babel)             in language hidelinks on input line 76.
Package babel Info: Redefining ngerman shorthand "~
(babel)             in language hidelinks on input line 76.
[16]
Package babel Info: Redefining ngerman shorthand "|
(babel)             in language hidelinks on input line 76.
Package babel Info: Redefining ngerman shorthand "~
(babel)             in language hidelinks on input line 76.
Package babel Info: Redefining ngerman shorthand "|
(babel)             in language hidelinks on input line 76.
Package babel Info: Redefining ngerman shorthand "~
(babel)             in language hidelinks on input line 76.
 [17]
<Kapitel/40Architektur/Bilder/OverflowInPretraining.pdf, id=436, 507.496pt x 28
6.671pt>
File: Kapitel/40Architektur/Bilder/OverflowInPretraining.pdf Graphic file (type
 pdf)
 <use Kapitel/40Architektur/Bilder/OverflowInPretraining.pdf>
Package pdftex.def Info: Kapitel/40Architektur/Bilder/OverflowInPretraining.pdf
 used on input line 81.
(pdftex.def)             Requested size: 187.19833pt x 105.7429pt.

Underfull \hbox (badness 2781) in paragraph at lines 82--82
\OT1/cmr/m/n/12 che) im Pre-trai-ning. X-Achse =
 []


Underfull \hbox (badness 4001) in paragraph at lines 82--82
\OT1/cmr/m/n/12 Zeit, Y-Achse = Kos-ten, Wein-
 []


<Kapitel/40Architektur/Bilder/OverflowInTraining.pdf, id=437, 488.224pt x 276.2
3201pt>
File: Kapitel/40Architektur/Bilder/OverflowInTraining.pdf Graphic file (type pd
f)
 <use Kapitel/40Architektur/Bilder/OverflowInTraining.pdf>
Package pdftex.def Info: Kapitel/40Architektur/Bilder/OverflowInTraining.pdf us
ed on input line 87.
(pdftex.def)             Requested size: 187.19833pt x 105.91339pt.

Underfull \hbox (badness 10000) in paragraph at lines 88--88
[]\OT1/cmr/m/n/12 Abbildung 5: []Effekt (Ex-tre-mer
 []


Underfull \hbox (badness 10000) in paragraph at lines 88--88
\OT1/cmr/m/n/12 An-stieg der Kos-ten in-nert ei-
 []


Underfull \hbox (badness 10000) in paragraph at lines 88--88
\OT1/cmr/m/n/12 ner Epo-che) im Trai-ning. X-
 []


Underfull \hbox (badness 1122) in paragraph at lines 88--88
\OT1/cmr/m/n/12 gr[]un=Trainingsdate, grau = Va-li-
 []


Overfull \hbox (3.7937pt too wide) in paragraph at lines 119--119
[]|\OT1/cmr/m/n/12 Knoten:Input=1280x960| 
 []


Overfull \hbox (3.7937pt too wide) in paragraph at lines 119--119
[]|\OT1/cmr/m/n/12 Knoten:Input=1280x960
 []


Overfull \hbox (1.18262pt too wide) in paragraph at lines 119--119
[]|\OT1/cmr/m/n/12 Knoten:Input=448x448,
 []


Underfull \hbox (badness 10000) in paragraph at lines 119--119
\OT1/cmr/m/n/12 Mi-ni-batch-si-ze=24,
 []

Package babel Info: Redefining ngerman shorthand "|
(babel)             in language hidelinks on input line 129.
Package babel Info: Redefining ngerman shorthand "~
(babel)             in language hidelinks on input line 129.
Package babel Info: Redefining ngerman shorthand "|
(babel)             in language hidelinks on input line 129.
Package babel Info: Redefining ngerman shorthand "~
(babel)             in language hidelinks on input line 129.
[18 <./Kapitel/40Architektur/Bilder/OverflowInPretraining.pdf> <./Kapitel/40Arc
hitektur/Bilder/OverflowInTraining.pdf

pdfTeX warning: pdflatex (file ./Kapitel/40Architektur/Bilder/OverflowInTrainin
g.pdf): PDF inclusion: multiple pdfs with page group included in a single page
>]
Package babel Info: Redefining ngerman shorthand "|
(babel)             in language hidelinks on input line 130.
Package babel Info: Redefining ngerman shorthand "~
(babel)             in language hidelinks on input line 130.
Package babel Info: Redefining ngerman shorthand "|
(babel)             in language hidelinks on input line 141.
Package babel Info: Redefining ngerman shorthand "~
(babel)             in language hidelinks on input line 141.
Package babel Info: Redefining ngerman shorthand "|
(babel)             in language hidelinks on input line 141.
Package babel Info: Redefining ngerman shorthand "~
(babel)             in language hidelinks on input line 141.
 [19]
Package babel Info: Redefining ngerman shorthand "|
(babel)             in language hidelinks on input line 142.
Package babel Info: Redefining ngerman shorthand "~
(babel)             in language hidelinks on input line 142.

<Kapitel/40Architektur/Bilder/GraphProLayer.pdf, id=467, 350.10799pt x 479.391p
t>
File: Kapitel/40Architektur/Bilder/GraphProLayer.pdf Graphic file (type pdf)
 <use Kapitel/40Architektur/Bilder/GraphProLayer.pdf>
Package pdftex.def Info: Kapitel/40Architektur/Bilder/GraphProLayer.pdf used on
 input line 146.
(pdftex.def)             Requested size: 195.0pt x 267.0161pt.
Package babel Info: Redefining ngerman shorthand "|
(babel)             in language hidelinks on input line 154.
Package babel Info: Redefining ngerman shorthand "~
(babel)             in language hidelinks on input line 154.
Package babel Info: Redefining ngerman shorthand "|
(babel)             in language hidelinks on input line 159.
Package babel Info: Redefining ngerman shorthand "~
(babel)             in language hidelinks on input line 159.
Package babel Info: Redefining ngerman shorthand "|
(babel)             in language hidelinks on input line 159.
Package babel Info: Redefining ngerman shorthand "~
(babel)             in language hidelinks on input line 159.
 [20 <./Kapitel/40Architektur/Bilder/GraphProLayer.pdf>]
Package babel Info: Redefining ngerman shorthand "|
(babel)             in language hidelinks on input line 167.
Package babel Info: Redefining ngerman shorthand "~
(babel)             in language hidelinks on input line 167.

Overfull \hbox (5.38702pt too wide) in paragraph at lines 173--175
\OT1/cmr/m/n/12 on hat. So-mit kann je-der-zeit auf die-se lauff[]ahigen Ver-si
-on zur[]uckgegriffen
 []

) (./Kapitel/50Kostenfunktion/Kostenfunktion.tex
Package babel Info: Redefining ngerman shorthand "|
(babel)             in language hidelinks on input line 1.
Package babel Info: Redefining ngerman shorthand "~
(babel)             in language hidelinks on input line 1.
Package babel Info: Redefining ngerman shorthand "|
(babel)             in language hidelinks on input line 1.
Package babel Info: Redefining ngerman shorthand "~
(babel)             in language hidelinks on input line 1.
 [21]
Package babel Info: Redefining ngerman shorthand "|
(babel)             in language hidelinks on input line 3.
Package babel Info: Redefining ngerman shorthand "~
(babel)             in language hidelinks on input line 3.
Package babel Info: Redefining ngerman shorthand "|
(babel)             in language hidelinks on input line 5.
Package babel Info: Redefining ngerman shorthand "~
(babel)             in language hidelinks on input line 5.

Overfull \hbox (9.35281pt too wide) in paragraph at lines 15--18
\OT1/cmr/m/n/12 man mit dem Pre-trai-ning (De-tails sp[]ater im Ka-pi-tel []7[]
) ei-gent-lich Haupts[]achlich
 []

Package babel Info: Redefining ngerman shorthand "|
(babel)             in language hidelinks on input line 19.
Package babel Info: Redefining ngerman shorthand "~
(babel)             in language hidelinks on input line 19.

<Kapitel/50Kostenfunktion/Bilder/PredictionTensor.pdf, id=495, 341.275pt x 341.
275pt>
File: Kapitel/50Kostenfunktion/Bilder/PredictionTensor.pdf Graphic file (type p
df)
 <use Kapitel/50Kostenfunktion/Bilder/PredictionTensor.pdf>
Package pdftex.def Info: Kapitel/50Kostenfunktion/Bilder/PredictionTensor.pdf u
sed on input line 29.
(pdftex.def)             Requested size: 272.99881pt x 273.01515pt.

<Kapitel/50Kostenfunktion/Bilder/IOU.pdf, id=496, 525.965pt x 469.755pt>
File: Kapitel/50Kostenfunktion/Bilder/IOU.pdf Graphic file (type pdf)

<use Kapitel/50Kostenfunktion/Bilder/IOU.pdf>
Package pdftex.def Info: Kapitel/50Kostenfunktion/Bilder/IOU.pdf used on input 
line 36.
(pdftex.def)             Requested size: 155.99762pt x 139.32198pt.
Package babel Info: Redefining ngerman shorthand "|
(babel)             in language hidelinks on input line 44.
Package babel Info: Redefining ngerman shorthand "~
(babel)             in language hidelinks on input line 44.
Package babel Info: Redefining ngerman shorthand "|
(babel)             in language hidelinks on input line 44.
Package babel Info: Redefining ngerman shorthand "~
(babel)             in language hidelinks on input line 44.
 [22]
Package babel Info: Redefining ngerman shorthand "|
(babel)             in language hidelinks on input line 44.
Package babel Info: Redefining ngerman shorthand "~
(babel)             in language hidelinks on input line 44.
Package babel Info: Redefining ngerman shorthand "|
(babel)             in language hidelinks on input line 44.
Package babel Info: Redefining ngerman shorthand "~
(babel)             in language hidelinks on input line 44.
 [23 <./Kapitel/50Kostenfunktion/Bilder/PredictionTensor.pdf> <./Kapitel/50Kost
enfunktion/Bilder/IOU.pdf

pdfTeX warning: pdflatex (file ./Kapitel/50Kostenfunktion/Bilder/IOU.pdf): PDF 
inclusion: multiple pdfs with page group included in a single page
>]
Package babel Info: Redefining ngerman shorthand "|
(babel)             in language hidelinks on input line 54.
Package babel Info: Redefining ngerman shorthand "~
(babel)             in language hidelinks on input line 54.
LaTeX Font Info:    Try loading font information for U+dsrom on input line 65.
 (/usr/share/texlive/texmf-dist/tex/latex/doublestroke/Udsrom.fd
File: Udsrom.fd 1995/08/01 v0.1 Double stroke roman font definitions
)
Package hyperref Info: bookmark level for unknown eqfloat defaults to 0 on inpu
t line 67.
Package babel Info: Redefining ngerman shorthand "|
(babel)             in language hidelinks on input line 108.
Package babel Info: Redefining ngerman shorthand "~
(babel)             in language hidelinks on input line 108.
Package babel Info: Redefining ngerman shorthand "|
(babel)             in language hidelinks on input line 108.
Package babel Info: Redefining ngerman shorthand "~
(babel)             in language hidelinks on input line 108.
 [24]
Package babel Info: Redefining ngerman shorthand "|
(babel)             in language hidelinks on input line 108.
Package babel Info: Redefining ngerman shorthand "~
(babel)             in language hidelinks on input line 108.
Package babel Info: Redefining ngerman shorthand "|
(babel)             in language hidelinks on input line 108.
Package babel Info: Redefining ngerman shorthand "~
(babel)             in language hidelinks on input line 108.

[25]
Overfull \hbox (17.1359pt too wide) in paragraph at lines 116--117
\OT1/cmr/m/n/12 dar-um geht, ob ein Ob-jekt er-kannt wur-de oder nicht, w[]urde
 h[]ochstwahrscheinlich
 []

Package babel Info: Redefining ngerman shorthand "|
(babel)             in language hidelinks on input line 126.
Package babel Info: Redefining ngerman shorthand "~
(babel)             in language hidelinks on input line 126.
Package babel Info: Redefining ngerman shorthand "|
(babel)             in language hidelinks on input line 139.
Package babel Info: Redefining ngerman shorthand "~
(babel)             in language hidelinks on input line 139.
Package babel Info: Redefining ngerman shorthand "|
(babel)             in language hidelinks on input line 139.
Package babel Info: Redefining ngerman shorthand "~
(babel)             in language hidelinks on input line 139.
[26]) (./Kapitel/60Tests/Tests.tex
Package babel Info: Redefining ngerman shorthand "|
(babel)             in language hidelinks on input line 1.
Package babel Info: Redefining ngerman shorthand "~
(babel)             in language hidelinks on input line 1.
Package babel Info: Redefining ngerman shorthand "|
(babel)             in language hidelinks on input line 1.
Package babel Info: Redefining ngerman shorthand "~
(babel)             in language hidelinks on input line 1.
 [27]
Package babel Info: Redefining ngerman shorthand "|
(babel)             in language hidelinks on input line 3.
Package babel Info: Redefining ngerman shorthand "~
(babel)             in language hidelinks on input line 3.
Package babel Info: Redefining ngerman shorthand "|
(babel)             in language hidelinks on input line 5.
Package babel Info: Redefining ngerman shorthand "~
(babel)             in language hidelinks on input line 5.
LaTeX Font Info:    Try loading font information for OMS+cmr on input line 12.

(/usr/share/texlive/texmf-dist/tex/latex/base/omscmr.fd
File: omscmr.fd 2014/09/29 v2.5h Standard LaTeX font definitions
)
LaTeX Font Info:    Font shape `OMS/cmr/m/n' in size <12> not available
(Font)              Font shape `OMS/cmsy/m/n' tried instead on input line 12.
Package babel Info: Redefining ngerman shorthand "|
(babel)             in language hidelinks on input line 30.
Package babel Info: Redefining ngerman shorthand "~
(babel)             in language hidelinks on input line 30.
Package babel Info: Redefining ngerman shorthand "|
(babel)             in language hidelinks on input line 30.
Package babel Info: Redefining ngerman shorthand "~
(babel)             in language hidelinks on input line 30.
 [28]
Package babel Info: Redefining ngerman shorthand "|
(babel)             in language hidelinks on input line 38.
Package babel Info: Redefining ngerman shorthand "~
(babel)             in language hidelinks on input line 38.
Package babel Info: Redefining ngerman shorthand "|
(babel)             in language hidelinks on input line 54.
Package babel Info: Redefining ngerman shorthand "~
(babel)             in language hidelinks on input line 54.
Package babel Info: Redefining ngerman shorthand "|
(babel)             in language hidelinks on input line 54.
Package babel Info: Redefining ngerman shorthand "~
(babel)             in language hidelinks on input line 54.
 [29]
Package babel Info: Redefining ngerman shorthand "|
(babel)             in language hidelinks on input line 61.
Package babel Info: Redefining ngerman shorthand "~
(babel)             in language hidelinks on input line 61.
Package babel Info: Redefining ngerman shorthand "|
(babel)             in language hidelinks on input line 77.
Package babel Info: Redefining ngerman shorthand "~
(babel)             in language hidelinks on input line 77.
)
Package babel Info: Redefining ngerman shorthand "|
(babel)             in language hidelinks on input line 98.
Package babel Info: Redefining ngerman shorthand "~
(babel)             in language hidelinks on input line 98.
Package babel Info: Redefining ngerman shorthand "|
(babel)             in language hidelinks on input line 98.
Package babel Info: Redefining ngerman shorthand "~
(babel)             in language hidelinks on input line 98.
 [30]
(./Kapitel/70Resultate/Resultate.tex
Package babel Info: Redefining ngerman shorthand "|
(babel)             in language hidelinks on input line 1.
Package babel Info: Redefining ngerman shorthand "~
(babel)             in language hidelinks on input line 1.
Package babel Info: Redefining ngerman shorthand "|
(babel)             in language hidelinks on input line 1.
Package babel Info: Redefining ngerman shorthand "~
(babel)             in language hidelinks on input line 1.
 [31]
Package babel Info: Redefining ngerman shorthand "|
(babel)             in language hidelinks on input line 2.
Package babel Info: Redefining ngerman shorthand "~
(babel)             in language hidelinks on input line 2.
Package babel Info: Redefining ngerman shorthand "|
(babel)             in language hidelinks on input line 4.
Package babel Info: Redefining ngerman shorthand "~
(babel)             in language hidelinks on input line 4.
Package babel Info: Redefining ngerman shorthand "|
(babel)             in language hidelinks on input line 12.
Package babel Info: Redefining ngerman shorthand "~
(babel)             in language hidelinks on input line 12.

Overfull \hbox (1.89178pt too wide) in paragraph at lines 13--18
\OT1/cmr/m/n/12 Um die Ge-nau-ig-keit der Pre-dic-ti-ons un-se-res Neu-ro-na-le
n Netz-wer-kes m[]oglichst
 []


Overfull \hbox (3.24602pt too wide) in paragraph at lines 13--18
\OT1/cmr/m/n/12 ge-nau be-schrei-ben zu k[]onnen wur-den die zwei Wer-te Di-sta
nz und IOU gew[]ahlt
 []

Package babel Info: Redefining ngerman shorthand "|
(babel)             in language hidelinks on input line 19.
Package babel Info: Redefining ngerman shorthand "~
(babel)             in language hidelinks on input line 19.

<Kapitel/70Resultate/Bilder/DistanzenBerechnung.pdf, id=599, 597.23125pt x 569.
12625pt>
File: Kapitel/70Resultate/Bilder/DistanzenBerechnung.pdf Graphic file (type pdf
)
 <use Kapitel/70Resultate/Bilder/DistanzenBerechnung.pdf>
Package pdftex.def Info: Kapitel/70Resultate/Bilder/DistanzenBerechnung.pdf use
d on input line 24.
(pdftex.def)             Requested size: 272.99881pt x 260.15126pt.

<Kapitel/70Resultate/Bilder/2distKnappGut.png, id=600, 449.68pt x 449.68pt>
File: Kapitel/70Resultate/Bilder/2distKnappGut.png Graphic file (type png)

<use Kapitel/70Resultate/Bilder/2distKnappGut.png>
Package pdftex.def Info: Kapitel/70Resultate/Bilder/2distKnappGut.png used on i
nput line 33.
(pdftex.def)             Requested size: 187.19833pt x 187.19695pt.

<Kapitel/70Resultate/Bilder/5distKnappGut.png, id=601, 449.68pt x 449.68pt>
File: Kapitel/70Resultate/Bilder/5distKnappGut.png Graphic file (type png)

<use Kapitel/70Resultate/Bilder/5distKnappGut.png>
Package pdftex.def Info: Kapitel/70Resultate/Bilder/5distKnappGut.png used on i
nput line 37.
(pdftex.def)             Requested size: 187.19833pt x 187.19695pt.

<Kapitel/70Resultate/Bilder/3distKnappSchlecht.png, id=602, 449.68pt x 449.68pt
>
File: Kapitel/70Resultate/Bilder/3distKnappSchlecht.png Graphic file (type png)

 <use Kapitel/70Resultate/Bilder/3distKnappSchlecht.png>
Package pdftex.def Info: Kapitel/70Resultate/Bilder/3distKnappSchlecht.png used
 on input line 46.
(pdftex.def)             Requested size: 187.19833pt x 187.19695pt.

<Kapitel/70Resultate/Bilder/4distKnappSchlecht.png, id=603, 449.68pt x 449.68pt
>
File: Kapitel/70Resultate/Bilder/4distKnappSchlecht.png Graphic file (type png)

 <use Kapitel/70Resultate/Bilder/4distKnappSchlecht.png>
Package pdftex.def Info: Kapitel/70Resultate/Bilder/4distKnappSchlecht.png used
 on input line 50.
(pdftex.def)             Requested size: 187.19833pt x 187.19695pt.

<Kapitel/70Resultate/Bilder/distProbDensity.pdf, id=604, 578.16pt x 433.62pt>
File: Kapitel/70Resultate/Bilder/distProbDensity.pdf Graphic file (type pdf)

<use Kapitel/70Resultate/Bilder/distProbDensity.pdf>
Package pdftex.def Info: Kapitel/70Resultate/Bilder/distProbDensity.pdf used on
 input line 59.
(pdftex.def)             Requested size: 272.99881pt x 204.74759pt.

<Kapitel/70Resultate/Bilder/distProbDensity_improved.pdf, id=605, 578.16pt x 43
3.62pt>
File: Kapitel/70Resultate/Bilder/distProbDensity_improved.pdf Graphic file (typ
e pdf)
 <use Kapitel/70Resultate/Bilder/distProbDensity_improved.pdf>
Package pdftex.def Info: Kapitel/70Resultate/Bilder/distProbDensity_improved.pd
f used on input line 66.
(pdftex.def)             Requested size: 272.99881pt x 204.74759pt.
Package babel Info: Redefining ngerman shorthand "|
(babel)             in language hidelinks on input line 82.
Package babel Info: Redefining ngerman shorthand "~
(babel)             in language hidelinks on input line 82.
Package babel Info: Redefining ngerman shorthand "|
(babel)             in language hidelinks on input line 82.
Package babel Info: Redefining ngerman shorthand "~
(babel)             in language hidelinks on input line 82.
 [32]
Package babel Info: Redefining ngerman shorthand "|
(babel)             in language hidelinks on input line 91.
Package babel Info: Redefining ngerman shorthand "~
(babel)             in language hidelinks on input line 91.
Package babel Info: Redefining ngerman shorthand "|
(babel)             in language hidelinks on input line 91.
Package babel Info: Redefining ngerman shorthand "~
(babel)             in language hidelinks on input line 91.

[33 <./Kapitel/70Resultate/Bilder/DistanzenBerechnung.pdf>]
Package babel Info: Redefining ngerman shorthand "|
(babel)             in language hidelinks on input line 91.
Package babel Info: Redefining ngerman shorthand "~
(babel)             in language hidelinks on input line 91.
Package babel Info: Redefining ngerman shorthand "|
(babel)             in language hidelinks on input line 91.
Package babel Info: Redefining ngerman shorthand "~
(babel)             in language hidelinks on input line 91.
 [34 <./Kapitel/70Resultate/Bilder/2distKnappGut.png (PNG copy)> <./Kapitel/70R
esultate/Bilder/5distKnappGut.png (PNG copy)> <./Kapitel/70Resultate/Bilder/3di
stKnappSchlecht.png (PNG copy)> <./Kapitel/70Resultate/Bilder/4distKnappSchlech
t.png (PNG copy)>]
Package babel Info: Redefining ngerman shorthand "|
(babel)             in language hidelinks on input line 91.
Package babel Info: Redefining ngerman shorthand "~
(babel)             in language hidelinks on input line 91.
Package babel Info: Redefining ngerman shorthand "|
(babel)             in language hidelinks on input line 91.
Package babel Info: Redefining ngerman shorthand "~
(babel)             in language hidelinks on input line 91.

[35 <./Kapitel/70Resultate/Bilder/distProbDensity.pdf> <./Kapitel/70Resultate/B
ilder/distProbDensity_improved.pdf

pdfTeX warning: pdflatex (file ./Kapitel/70Resultate/Bilder/distProbDensity_imp
roved.pdf): PDF inclusion: multiple pdfs with page group included in a single p
age
>]
Package babel Info: Redefining ngerman shorthand "|
(babel)             in language hidelinks on input line 102.
Package babel Info: Redefining ngerman shorthand "~
(babel)             in language hidelinks on input line 102.
 <Kapitel/70Resultate/Bilder/7iouKnappGut.png, id=743, 449.68pt x 449.68pt>
File: Kapitel/70Resultate/Bilder/7iouKnappGut.png Graphic file (type png)

<use Kapitel/70Resultate/Bilder/7iouKnappGut.png>
Package pdftex.def Info: Kapitel/70Resultate/Bilder/7iouKnappGut.png used on in
put line 107.
(pdftex.def)             Requested size: 187.19833pt x 187.19695pt.

<Kapitel/70Resultate/Bilder/8iouKnappGut.png, id=744, 449.68pt x 449.68pt>
File: Kapitel/70Resultate/Bilder/8iouKnappGut.png Graphic file (type png)

<use Kapitel/70Resultate/Bilder/8iouKnappGut.png>
Package pdftex.def Info: Kapitel/70Resultate/Bilder/8iouKnappGut.png used on in
put line 111.
(pdftex.def)             Requested size: 187.19833pt x 187.19695pt.

<Kapitel/70Resultate/Bilder/6iouKnappSchlecht.png, id=745, 449.68pt x 449.68pt>
File: Kapitel/70Resultate/Bilder/6iouKnappSchlecht.png Graphic file (type png)
<use Kapitel/70Resultate/Bilder/6iouKnappSchlecht.png>
Package pdftex.def Info: Kapitel/70Resultate/Bilder/6iouKnappSchlecht.png used 
on input line 120.
(pdftex.def)             Requested size: 187.19833pt x 187.19695pt.

<Kapitel/70Resultate/Bilder/9iouKnappSchlecht.png, id=746, 449.68pt x 449.68pt>
File: Kapitel/70Resultate/Bilder/9iouKnappSchlecht.png Graphic file (type png)
<use Kapitel/70Resultate/Bilder/9iouKnappSchlecht.png>
Package pdftex.def Info: Kapitel/70Resultate/Bilder/9iouKnappSchlecht.png used 
on input line 124.
(pdftex.def)             Requested size: 187.19833pt x 187.19695pt.

<Kapitel/70Resultate/Bilder/IOUprobDensity.pdf, id=747, 578.16pt x 433.62pt>
File: Kapitel/70Resultate/Bilder/IOUprobDensity.pdf Graphic file (type pdf)

<use Kapitel/70Resultate/Bilder/IOUprobDensity.pdf>
Package pdftex.def Info: Kapitel/70Resultate/Bilder/IOUprobDensity.pdf used on 
input line 132.
(pdftex.def)             Requested size: 272.99881pt x 204.74759pt.

Underfull \hbox (badness 3302) in paragraph at lines 133--133
[]\OT1/cmr/m/n/12 Abbildung 16: []Wahrscheinlichkeits-Dichte-Funktion der IOU (
Gren-ze:
 []

Package babel Info: Redefining ngerman shorthand "|
(babel)             in language hidelinks on input line 148.
Package babel Info: Redefining ngerman shorthand "~
(babel)             in language hidelinks on input line 148.
Package babel Info: Redefining ngerman shorthand "|
(babel)             in language hidelinks on input line 148.
Package babel Info: Redefining ngerman shorthand "~
(babel)             in language hidelinks on input line 148.
[36]
Package babel Info: Redefining ngerman shorthand "|
(babel)             in language hidelinks on input line 148.
Package babel Info: Redefining ngerman shorthand "~
(babel)             in language hidelinks on input line 148.
Package babel Info: Redefining ngerman shorthand "|
(babel)             in language hidelinks on input line 148.
Package babel Info: Redefining ngerman shorthand "~
(babel)             in language hidelinks on input line 148.
 [37 <./Kapitel/70Resultate/Bilder/7iouKnappGut.png (PNG copy)> <./Kapitel/70Re
sultate/Bilder/8iouKnappGut.png (PNG copy)> <./Kapitel/70Resultate/Bilder/6iouK
nappSchlecht.png (PNG copy)> <./Kapitel/70Resultate/Bilder/9iouKnappSchlecht.pn
g (PNG copy)>]
Package babel Info: Redefining ngerman shorthand "|
(babel)             in language hidelinks on input line 154.
Package babel Info: Redefining ngerman shorthand "~
(babel)             in language hidelinks on input line 154.
Package babel Info: Redefining ngerman shorthand "|
(babel)             in language hidelinks on input line 160.
Package babel Info: Redefining ngerman shorthand "~
(babel)             in language hidelinks on input line 160.
Package babel Info: Redefining ngerman shorthand "|
(babel)             in language hidelinks on input line 160.
Package babel Info: Redefining ngerman shorthand "~
(babel)             in language hidelinks on input line 160.
 [38 <./Kapitel/70Resultate/Bilder/IOUprobDensity.pdf>])
(./Kapitel/20Pretraining/Pretraining.tex
Package babel Info: Redefining ngerman shorthand "|
(babel)             in language hidelinks on input line 1.
Package babel Info: Redefining ngerman shorthand "~
(babel)             in language hidelinks on input line 1.
Package babel Info: Redefining ngerman shorthand "|
(babel)             in language hidelinks on input line 1.
Package babel Info: Redefining ngerman shorthand "~
(babel)             in language hidelinks on input line 1.
 [39]
Package babel Info: Redefining ngerman shorthand "|
(babel)             in language hidelinks on input line 3.
Package babel Info: Redefining ngerman shorthand "~
(babel)             in language hidelinks on input line 3.
Package babel Info: Redefining ngerman shorthand "|
(babel)             in language hidelinks on input line 6.
Package babel Info: Redefining ngerman shorthand "~
(babel)             in language hidelinks on input line 6.
Package babel Info: Redefining ngerman shorthand "|
(babel)             in language hidelinks on input line 11.
Package babel Info: Redefining ngerman shorthand "~
(babel)             in language hidelinks on input line 11.

Overfull \hbox (39.00238pt too wide) in paragraph at lines 52--53
 [][] 
 []

Package babel Info: Redefining ngerman shorthand "|
(babel)             in language hidelinks on input line 57.
Package babel Info: Redefining ngerman shorthand "~
(babel)             in language hidelinks on input line 57.
Package babel Info: Redefining ngerman shorthand "|
(babel)             in language hidelinks on input line 66.
Package babel Info: Redefining ngerman shorthand "~
(babel)             in language hidelinks on input line 66.
Package babel Info: Redefining ngerman shorthand "|
(babel)             in language hidelinks on input line 66.
Package babel Info: Redefining ngerman shorthand "~
(babel)             in language hidelinks on input line 66.
[40]
Package babel Info: Redefining ngerman shorthand "|
(babel)             in language hidelinks on input line 66.
Package babel Info: Redefining ngerman shorthand "~
(babel)             in language hidelinks on input line 66.
Package babel Info: Redefining ngerman shorthand "|
(babel)             in language hidelinks on input line 66.
Package babel Info: Redefining ngerman shorthand "~
(babel)             in language hidelinks on input line 66.
 [41]
<Kapitel/20Pretraining/Bilder/SGDvsADAMcost.pdf, id=843, 347.69899pt x 216.81pt
>
File: Kapitel/20Pretraining/Bilder/SGDvsADAMcost.pdf Graphic file (type pdf)
 <use Kapitel/20Pretraining/Bilder/SGDvsADAMcost.pdf>
Package pdftex.def Info: Kapitel/20Pretraining/Bilder/SGDvsADAMcost.pdf used on
 input line 76.
(pdftex.def)             Requested size: 187.19833pt x 116.73158pt.

<Kapitel/20Pretraining/Bilder/SGDvsADAMtop5.pdf, id=844, 350.91101pt x 213.598p
t>
File: Kapitel/20Pretraining/Bilder/SGDvsADAMtop5.pdf Graphic file (type pdf)
 <use Kapitel/20Pretraining/Bilder/SGDvsADAMtop5.pdf>
Package pdftex.def Info: Kapitel/20Pretraining/Bilder/SGDvsADAMtop5.pdf used on
 input line 80.
(pdftex.def)             Requested size: 187.19833pt x 113.94624pt.

Underfull \hbox (badness 3108) in paragraph at lines 86--86
[]\OT1/cmr/m/n/12 Abbildung 17: []Kosten und Top5-Test von ver-gleich-ba-ren Ta
sks im
 []


Underfull \hbox (badness 3138) in paragraph at lines 86--86
\OT1/cmr/m/n/12 Pre-trai-ning []uber einen be-schr[]ankten Zeit-raum. links: [x
-Achse=Zeit,
 []


Underfull \hbox (badness 2134) in paragraph at lines 86--86
\OT1/cmr/m/n/12 y-Achse=Kosten] rechts: [x-Achse=Zeit, y-Achse=Top-5 Tref-fer i
n %]
 []

Package babel Info: Redefining ngerman shorthand "|
(babel)             in language hidelinks on input line 89.
Package babel Info: Redefining ngerman shorthand "~
(babel)             in language hidelinks on input line 89.
<Kapitel/20Pretraining/Bilder/Test_top5.pdf, id=845, 355.72899pt x 204.765pt>
File: Kapitel/20Pretraining/Bilder/Test_top5.pdf Graphic file (type pdf)

<use Kapitel/20Pretraining/Bilder/Test_top5.pdf>
Package pdftex.def Info: Kapitel/20Pretraining/Bilder/Test_top5.pdf used on inp
ut line 93.
(pdftex.def)             Requested size: 272.99881pt x 157.14774pt.

Underfull \hbox (badness 5403) in paragraph at lines 94--94
[]\OT1/cmr/m/n/12 Abbildung 18: []Test-Top5 nach 6 Ta-gen Lernzeit(x-Achse=Zeit
, y-
 []

Package babel Info: Redefining ngerman shorthand "|
(babel)             in language hidelinks on input line 106.
Package babel Info: Redefining ngerman shorthand "~
(babel)             in language hidelinks on input line 106.
Package babel Info: Redefining ngerman shorthand "|
(babel)             in language hidelinks on input line 106.
Package babel Info: Redefining ngerman shorthand "~
(babel)             in language hidelinks on input line 106.
[42 <./Kapitel/20Pretraining/Bilder/SGDvsADAMcost.pdf> <./Kapitel/20Pretraining
/Bilder/SGDvsADAMtop5.pdf

pdfTeX warning: pdflatex (file ./Kapitel/20Pretraining/Bilder/SGDvsADAMtop5.pdf
): PDF inclusion: multiple pdfs with page group included in a single page
>]
Package babel Info: Redefining ngerman shorthand "|
(babel)             in language hidelinks on input line 114.
Package babel Info: Redefining ngerman shorthand "~
(babel)             in language hidelinks on input line 114.
Package babel Info: Redefining ngerman shorthand "|
(babel)             in language hidelinks on input line 120.
Package babel Info: Redefining ngerman shorthand "~
(babel)             in language hidelinks on input line 120.
Package babel Info: Redefining ngerman shorthand "|
(babel)             in language hidelinks on input line 120.
Package babel Info: Redefining ngerman shorthand "~
(babel)             in language hidelinks on input line 120.
 [43 <./Kapitel/20Pretraining/Bilder/Test_top5.pdf>]
Package babel Info: Redefining ngerman shorthand "|
(babel)             in language hidelinks on input line 121.
Package babel Info: Redefining ngerman shorthand "~
(babel)             in language hidelinks on input line 121.
)
(./Kapitel/80Fazit/Fazit.tex
Package babel Info: Redefining ngerman shorthand "|
(babel)             in language hidelinks on input line 1.
Package babel Info: Redefining ngerman shorthand "~
(babel)             in language hidelinks on input line 1.
Package babel Info: Redefining ngerman shorthand "|
(babel)             in language hidelinks on input line 1.
Package babel Info: Redefining ngerman shorthand "~
(babel)             in language hidelinks on input line 1.
 [44]
Package babel Info: Redefining ngerman shorthand "|
(babel)             in language hidelinks on input line 3.
Package babel Info: Redefining ngerman shorthand "~
(babel)             in language hidelinks on input line 3.
Package babel Info: Redefining ngerman shorthand "|
(babel)             in language hidelinks on input line 4.
Package babel Info: Redefining ngerman shorthand "~
(babel)             in language hidelinks on input line 4.
Package babel Info: Redefining ngerman shorthand "|
(babel)             in language hidelinks on input line 10.
Package babel Info: Redefining ngerman shorthand "~
(babel)             in language hidelinks on input line 10.

Overfull \hbox (0.25732pt too wide) in paragraph at lines 20--25
[]\OT1/cmr/m/n/12 Um auf die ei-gent-li-che Fra-ge zur[]uck zu kom-men. Ist Yo-
lo, bzw. Deep-Learning
 []

Package babel Info: Redefining ngerman shorthand "|
(babel)             in language hidelinks on input line 27.
Package babel Info: Redefining ngerman shorthand "~
(babel)             in language hidelinks on input line 27.
Package babel Info: Redefining ngerman shorthand "|
(babel)             in language hidelinks on input line 31.
Package babel Info: Redefining ngerman shorthand "~
(babel)             in language hidelinks on input line 31.
Package babel Info: Redefining ngerman shorthand "|
(babel)             in language hidelinks on input line 31.
Package babel Info: Redefining ngerman shorthand "~
(babel)             in language hidelinks on input line 31.
[45])
Package babel Info: Redefining ngerman shorthand "|
(babel)             in language hidelinks on input line 105.
Package babel Info: Redefining ngerman shorthand "~
(babel)             in language hidelinks on input line 105.
Package babel Info: Redefining ngerman shorthand "|
(babel)             in language hidelinks on input line 105.
Package babel Info: Redefining ngerman shorthand "~
(babel)             in language hidelinks on input line 105.
 [46]
Package babel Info: Redefining ngerman shorthand "|
(babel)             in language hidelinks on input line 107.
Package babel Info: Redefining ngerman shorthand "~
(babel)             in language hidelinks on input line 107.
 (./yoloOnFingers.bbl) (./yoloOnFingers.lof
Overfull \hbox (22.3451pt too wide) in paragraph at lines 6--6
 \OT1/cmr/m/n/12 Trai-ning. X-Achse = Zeit, Y-Achse = Kos-ten, gr[]un=Trainings
date, 
 []

Package babel Info: Redefining ngerman shorthand "|
(babel)             in language hidelinks on input line 13.
Package babel Info: Redefining ngerman shorthand "~
(babel)             in language hidelinks on input line 13.
Package babel Info: Redefining ngerman shorthand "|
(babel)             in language hidelinks on input line 13.
Package babel Info: Redefining ngerman shorthand "~
(babel)             in language hidelinks on input line 13.
[47]
Overfull \hbox (12.03703pt too wide) in paragraph at lines 14--14
 [][] [][]\OT1/cmr/m/n/12 Wahrscheinlichkeits-Dichtefunktion der Di-stanz. Aus-
reis-ser nicht 
 []


Overfull \hbox (4.33194pt too wide) in paragraph at lines 17--17
 [][] [][]\OT1/cmr/m/n/12 Wahrscheinlichkeits-Dichte-Funktion der IOU (Gren-ze:
 IOU=0.4)[] [][]  
 []


Overfull \hbox (2.5348pt too wide) in paragraph at lines 19--19
 [][] [][]\OT1/cmr/m/n/12 Test-Top5 nach 6 Ta-gen Lernzeit(x-Achse=Zeit, y-Achs
e=Top- 
 []

)
\tf@lof=\write6
\openout6 = `yoloOnFingers.lof'.

Package babel Info: Redefining ngerman shorthand "|
(babel)             in language hidelinks on input line 112.
Package babel Info: Redefining ngerman shorthand "~
(babel)             in language hidelinks on input line 112.
Package babel Info: Redefining ngerman shorthand "|
(babel)             in language hidelinks on input line 112.
Package babel Info: Redefining ngerman shorthand "~
(babel)             in language hidelinks on input line 112.
 [48]
Package atveryend Info: Empty hook `BeforeClearDocument' on input line 112.
Package atveryend Info: Empty hook `AfterLastShipout' on input line 112.
 (./yoloOnFingers.aux)
Package atveryend Info: Executing hook `AtVeryEndDocument' on input line 112.
Package atveryend Info: Executing hook `AtEndAfterFileList' on input line 112.
Package rerunfilecheck Info: File `yoloOnFingers.out' has not changed.
(rerunfilecheck)             Checksum: B3B67D1CE23B827366D1EA2C2CBFE036;3171.
Package atveryend Info: Empty hook `AtVeryVeryEnd' on input line 112.
 ) 
Here is how much of TeX's memory you used:
 18775 strings out of 494860
 347130 string characters out of 6177601
 450616 words of memory out of 5000000
 21446 multiletter control sequences out of 15000+600000
 14856 words of font info for 63 fonts, out of 8000000 for 9000
 36 hyphenation exceptions out of 8191
 62i,19n,56p,640b,504s stack positions out of 5000i,500n,10000p,200000b,80000s
</usr/share/texlive/texmf-dist/fonts/type1/public/amsfonts/cm/cmbx12.pfb></us
r/share/texlive/texmf-dist/fonts/type1/public/amsfonts/cm/cmex10.pfb></usr/shar
e/texlive/texmf-dist/fonts/type1/public/amsfonts/cm/cmmi12.pfb></usr/share/texl
ive/texmf-dist/fonts/type1/public/amsfonts/cm/cmmi6.pfb></usr/share/texlive/tex
mf-dist/fonts/type1/public/amsfonts/cm/cmmi8.pfb></usr/share/texlive/texmf-dist
/fonts/type1/public/amsfonts/cm/cmr10.pfb></usr/share/texlive/texmf-dist/fonts/
type1/public/amsfonts/cm/cmr12.pfb></usr/share/texlive/texmf-dist/fonts/type1/p
ublic/amsfonts/cm/cmr17.pfb></usr/share/texlive/texmf-dist/fonts/type1/public/a
msfonts/cm/cmr7.pfb></usr/share/texlive/texmf-dist/fonts/type1/public/amsfonts/
cm/cmr8.pfb></usr/share/texlive/texmf-dist/fonts/type1/public/amsfonts/cm/cmsl1
2.pfb></usr/share/texlive/texmf-dist/fonts/type1/public/amsfonts/cm/cmss12.pfb>
</usr/share/texlive/texmf-dist/fonts/type1/public/amsfonts/cm/cmsy10.pfb></usr/
share/texlive/texmf-dist/fonts/type1/public/amsfonts/cm/cmsy8.pfb></usr/share/t
exlive/texmf-dist/fonts/type1/public/amsfonts/cm/cmti12.pfb></usr/share/texlive
/texmf-dist/fonts/type1/public/amsfonts/cm/cmtt12.pfb></usr/share/texlive/texmf
-dist/fonts/type1/public/doublestroke/dsrom12.pfb>
Output written on yoloOnFingers.pdf (48 pages, 3828906 bytes).
PDF statistics:
 1035 PDF objects out of 1200 (max. 8388607)
 776 compressed objects within 8 object streams
 173 named destinations out of 1000 (max. 500000)
 553 words of extra memory for PDF output out of 10000 (max. 10000000)

